Using pre-set license
Built from '2020.3/staging' branch; Version is '2020.3.0f1 (c7b5465681fb) revision 13088070'; Using compiler version '192528614'; Build Type 'Release'
OS: 'Windows 10 Home; OS build 19042.1237; Version 2009; 64bit' Language: 'uk' Physical Memory: 16291 MB
BatchMode: 1, IsHumanControllingUs: 0, StartBugReporterOnCrash: 0, Is64bit: 1, IsPro: 0

 COMMAND LINE ARGUMENTS:
C:\Program Files\Unity\Hub\Editor\2020.3.0f1\Editor\Unity.exe
-adb2
-batchMode
-noUpm
-name
AssetImportWorker0
-projectPath
D:/UNITY/Github/PASKA/Game-with-primitives
-logFile
Logs/AssetImportWorker0.log
-srvPort
58387
Successfully changed project path to: D:/UNITY/Github/PASKA/Game-with-primitives
D:/UNITY/Github/PASKA/Game-with-primitives
Using Asset Import Pipeline V2.
Refreshing native plugins compatible for Editor in 94.08 ms, found 0 plugins.
Preloading 0 native plugins for Editor in 0.00 ms.
Initialize engine version: 2020.3.0f1 (c7b5465681fb)
[Subsystems] Discovering subsystems at path C:/Program Files/Unity/Hub/Editor/2020.3.0f1/Editor/Data/Resources/UnitySubsystems
[Subsystems] Discovering subsystems at path D:/UNITY/Github/PASKA/Game-with-primitives/Assets
GfxDevice: creating device client; threaded=0
Direct3D:
    Version:  Direct3D 11.0 [level 11.1]
    Renderer: NVIDIA GeForce RTX 2060 (ID=0x1f15)
    Vendor:   
    VRAM:     5980 MB
    Driver:   30.0.14.7196
Initialize mono
Mono path[0] = 'C:/Program Files/Unity/Hub/Editor/2020.3.0f1/Editor/Data/Managed'
Mono path[1] = 'C:/Program Files/Unity/Hub/Editor/2020.3.0f1/Editor/Data/MonoBleedingEdge/lib/mono/unityjit'
Mono config path = 'C:/Program Files/Unity/Hub/Editor/2020.3.0f1/Editor/Data/MonoBleedingEdge/etc'
Using monoOptions --debugger-agent=transport=dt_socket,embedding=1,server=y,suspend=n,address=127.0.0.1:56112
Begin MonoManager ReloadAssembly
Registering precompiled unity dll's ...
Register platform support module: C:/Program Files/Unity/Hub/Editor/2020.3.0f1/Editor/Data/PlaybackEngines/WebGLSupport/UnityEditor.WebGL.Extensions.dll
Register platform support module: C:/Program Files/Unity/Hub/Editor/2020.3.0f1/Editor/Data/PlaybackEngines/WindowsStandaloneSupport/UnityEditor.WindowsStandalone.Extensions.dll
Registered in 0.004201 seconds.
Native extension for WindowsStandalone target not found
Native extension for WebGL target not found
Refreshing native plugins compatible for Editor in 143.74 ms, found 0 plugins.
Preloading 0 native plugins for Editor in 0.00 ms.
Invoked RoslynAnalysisRunner static constructor.
RoslynAnalysisRunner will not be running.
RoslynAnalysisRunner has terminated.
Mono: successfully reloaded assembly
- Completed reload, in  1.964 seconds
Platform modules already initialized, skipping
Registering precompiled user dll's ...
Registered in 0.002619 seconds.
Begin MonoManager ReloadAssembly
Native extension for WindowsStandalone target not found
Native extension for WebGL target not found
Refreshing native plugins compatible for Editor in 105.84 ms, found 0 plugins.
Preloading 0 native plugins for Editor in 0.00 ms.
Invoked RoslynAnalysisRunner static constructor.
RoslynAnalysisRunner will not be running.
RoslynAnalysisRunner has terminated.
Mono: successfully reloaded assembly
- Completed reload, in  1.662 seconds
Platform modules already initialized, skipping
========================================================================
Worker process is ready to serve import requests
Launched and connected shader compiler UnityShaderCompiler.exe after 0.05 seconds
Refreshing native plugins compatible for Editor in 2.41 ms, found 0 plugins.
Preloading 0 native plugins for Editor in 0.00 ms.
Unloading 2587 Unused Serialized files (Serialized files now loaded: 0)
System memory in use before: 108.4 MB.
System memory in use after: 108.6 MB.

Unloading 12 unused Assets to reduce memory usage. Loaded Objects now: 3044.
Total: 3.190400 ms (FindLiveObjects: 0.495800 ms CreateObjectMapping: 0.275900 ms MarkObjects: 2.296300 ms  DeleteObjects: 0.120700 ms)

========================================================================
Received Import Request.
  path: Assets/Scripts/Level2 scripts/BossScript.cs
  artifactKey: Guid(8cb4d957e4ccb1f4f9fd08f429b2a92d) Importer(815301076,1909f56bfc062723c751e8b465ee728b)
Start importing Assets/Scripts/Level2 scripts/BossScript.cs using Guid(8cb4d957e4ccb1f4f9fd08f429b2a92d) Importer(815301076,1909f56bfc062723c751e8b465ee728b)  -> (artifact id: 'a7cdbb5e095f1442a3ea29d14d4e93b7') in 0.031594 seconds
  Import took 0.039330 seconds .

========================================================================
Received Import Request.
  Time since last request: 2279.999783 seconds.
  path: Assets/Scripts/Level2 scripts/BossScript.cs
  artifactKey: Guid(8cb4d957e4ccb1f4f9fd08f429b2a92d) Importer(815301076,1909f56bfc062723c751e8b465ee728b)
Start importing Assets/Scripts/Level2 scripts/BossScript.cs using Guid(8cb4d957e4ccb1f4f9fd08f429b2a92d) Importer(815301076,1909f56bfc062723c751e8b465ee728b)  -> (artifact id: '8a9dfc09a5de026b87dfe0054561e21e') in 0.001719 seconds
  Import took 0.006232 seconds .

========================================================================
Received Import Request.
  Time since last request: 0.075224 seconds.
  path: Assets/Scripts/Level2 scripts/BossScript.cs
  artifactKey: Guid(8cb4d957e4ccb1f4f9fd08f429b2a92d) Importer(815301076,1909f56bfc062723c751e8b465ee728b)
Start importing Assets/Scripts/Level2 scripts/BossScript.cs using Guid(8cb4d957e4ccb1f4f9fd08f429b2a92d) Importer(815301076,1909f56bfc062723c751e8b465ee728b)  -> (artifact id: '8a9dfc09a5de026b87dfe0054561e21e') in 0.001374 seconds
  Import took 0.005440 seconds .

========================================================================
Received Import Request.
  Time since last request: 353.126991 seconds.
  path: Assets/Scripts/Level2 scripts/BossScript.cs
  artifactKey: Guid(8cb4d957e4ccb1f4f9fd08f429b2a92d) Importer(815301076,1909f56bfc062723c751e8b465ee728b)
Start importing Assets/Scripts/Level2 scripts/BossScript.cs using Guid(8cb4d957e4ccb1f4f9fd08f429b2a92d) Importer(815301076,1909f56bfc062723c751e8b465ee728b)  -> (artifact id: '5d127926eae77e61db9f06a8b8a0bb3f') in 0.001399 seconds
  Import took 0.005088 seconds .

========================================================================
Received Import Request.
  Time since last request: 0.033170 seconds.
  path: Assets/Scripts/Level2 scripts/BossScript.cs
  artifactKey: Guid(8cb4d957e4ccb1f4f9fd08f429b2a92d) Importer(815301076,1909f56bfc062723c751e8b465ee728b)
Start importing Assets/Scripts/Level2 scripts/BossScript.cs using Guid(8cb4d957e4ccb1f4f9fd08f429b2a92d) Importer(815301076,1909f56bfc062723c751e8b465ee728b)  -> (artifact id: '5d127926eae77e61db9f06a8b8a0bb3f') in 0.001605 seconds
  Import took 0.006184 seconds .

========================================================================
Received Import Request.
  Time since last request: 92.027370 seconds.
  path: Assets/Scripts/Level2 scripts/BossScript.cs
  artifactKey: Guid(8cb4d957e4ccb1f4f9fd08f429b2a92d) Importer(815301076,1909f56bfc062723c751e8b465ee728b)
Start importing Assets/Scripts/Level2 scripts/BossScript.cs using Guid(8cb4d957e4ccb1f4f9fd08f429b2a92d) Importer(815301076,1909f56bfc062723c751e8b465ee728b)  -> (artifact id: 'bb1575e6f3314fcfbface6898439cedb') in 0.001718 seconds
  Import took 0.005241 seconds .

========================================================================
Received Import Request.
  Time since last request: 0.028224 seconds.
  path: Assets/Scripts/Level2 scripts/BossScript.cs
  artifactKey: Guid(8cb4d957e4ccb1f4f9fd08f429b2a92d) Importer(815301076,1909f56bfc062723c751e8b465ee728b)
Start importing Assets/Scripts/Level2 scripts/BossScript.cs using Guid(8cb4d957e4ccb1f4f9fd08f429b2a92d) Importer(815301076,1909f56bfc062723c751e8b465ee728b)  -> (artifact id: 'bb1575e6f3314fcfbface6898439cedb') in 0.001556 seconds
  Import took 0.006157 seconds .

========================================================================
Received Import Request.
  Time since last request: 28.406880 seconds.
  path: Assets/Scripts/Level2 scripts/BossScript.cs
  artifactKey: Guid(8cb4d957e4ccb1f4f9fd08f429b2a92d) Importer(815301076,1909f56bfc062723c751e8b465ee728b)
Start importing Assets/Scripts/Level2 scripts/BossScript.cs using Guid(8cb4d957e4ccb1f4f9fd08f429b2a92d) Importer(815301076,1909f56bfc062723c751e8b465ee728b)  -> (artifact id: '4582efff945d0ca569b9db58700e4e15') in 0.001816 seconds
  Import took 0.005426 seconds .

========================================================================
Received Import Request.
  Time since last request: 0.020585 seconds.
  path: Assets/Scripts/Level2 scripts/BossScript.cs
  artifactKey: Guid(8cb4d957e4ccb1f4f9fd08f429b2a92d) Importer(815301076,1909f56bfc062723c751e8b465ee728b)
Start importing Assets/Scripts/Level2 scripts/BossScript.cs using Guid(8cb4d957e4ccb1f4f9fd08f429b2a92d) Importer(815301076,1909f56bfc062723c751e8b465ee728b)  -> (artifact id: '4582efff945d0ca569b9db58700e4e15') in 0.001489 seconds
  Import took 0.005313 seconds .

========================================================================
Received Import Request.
  Time since last request: 43.905171 seconds.
  path: Assets/Scripts/Level2 scripts/BossScript.cs
  artifactKey: Guid(8cb4d957e4ccb1f4f9fd08f429b2a92d) Importer(815301076,1909f56bfc062723c751e8b465ee728b)
Start importing Assets/Scripts/Level2 scripts/BossScript.cs using Guid(8cb4d957e4ccb1f4f9fd08f429b2a92d) Importer(815301076,1909f56bfc062723c751e8b465ee728b)  -> (artifact id: '204e9afe87cb4aa9661b726e48d1b9de') in 0.001545 seconds
  Import took 0.005010 seconds .

========================================================================
Received Import Request.
  Time since last request: 0.027271 seconds.
  path: Assets/Scripts/Level2 scripts/BossScript.cs
  artifactKey: Guid(8cb4d957e4ccb1f4f9fd08f429b2a92d) Importer(815301076,1909f56bfc062723c751e8b465ee728b)
Start importing Assets/Scripts/Level2 scripts/BossScript.cs using Guid(8cb4d957e4ccb1f4f9fd08f429b2a92d) Importer(815301076,1909f56bfc062723c751e8b465ee728b)  -> (artifact id: '204e9afe87cb4aa9661b726e48d1b9de') in 0.001596 seconds
  Import took 0.005561 seconds .

========================================================================
Received Import Request.
  Time since last request: 19.823240 seconds.
  path: Assets/Scripts/Level2 scripts/BossScript.cs
  artifactKey: Guid(8cb4d957e4ccb1f4f9fd08f429b2a92d) Importer(815301076,1909f56bfc062723c751e8b465ee728b)
Start importing Assets/Scripts/Level2 scripts/BossScript.cs using Guid(8cb4d957e4ccb1f4f9fd08f429b2a92d) Importer(815301076,1909f56bfc062723c751e8b465ee728b)  -> (artifact id: '6f05d740d9840116938f6543d650bdc4') in 0.001626 seconds
  Import took 0.005636 seconds .

========================================================================
Received Import Request.
  Time since last request: 0.022538 seconds.
  path: Assets/Scripts/Level2 scripts/BossScript.cs
  artifactKey: Guid(8cb4d957e4ccb1f4f9fd08f429b2a92d) Importer(815301076,1909f56bfc062723c751e8b465ee728b)
Start importing Assets/Scripts/Level2 scripts/BossScript.cs using Guid(8cb4d957e4ccb1f4f9fd08f429b2a92d) Importer(815301076,1909f56bfc062723c751e8b465ee728b)  -> (artifact id: '6f05d740d9840116938f6543d650bdc4') in 0.001616 seconds
  Import took 0.006772 seconds .

========================================================================
Received Import Request.
  Time since last request: 173.028501 seconds.
  path: Assets/Scripts/Level2 scripts/BossScript.cs
  artifactKey: Guid(8cb4d957e4ccb1f4f9fd08f429b2a92d) Importer(815301076,1909f56bfc062723c751e8b465ee728b)
Start importing Assets/Scripts/Level2 scripts/BossScript.cs using Guid(8cb4d957e4ccb1f4f9fd08f429b2a92d) Importer(815301076,1909f56bfc062723c751e8b465ee728b)  -> (artifact id: '6d7b49910e167bd5460d638d5b24c410') in 0.001836 seconds
  Import took 0.007204 seconds .

========================================================================
Received Import Request.
  Time since last request: 0.014583 seconds.
  path: Assets/Scripts/Level2 scripts/BossScript.cs
  artifactKey: Guid(8cb4d957e4ccb1f4f9fd08f429b2a92d) Importer(815301076,1909f56bfc062723c751e8b465ee728b)
Start importing Assets/Scripts/Level2 scripts/BossScript.cs using Guid(8cb4d957e4ccb1f4f9fd08f429b2a92d) Importer(815301076,1909f56bfc062723c751e8b465ee728b)  -> (artifact id: '6d7b49910e167bd5460d638d5b24c410') in 0.001936 seconds
  Import took 0.005678 seconds .

========================================================================
Received Prepare
Registering precompiled user dll's ...
Registered in 0.001201 seconds.
Begin MonoManager ReloadAssembly
Native extension for WindowsStandalone target not found
Native extension for WebGL target not found
Refreshing native plugins compatible for Editor in 0.60 ms, found 0 plugins.
Preloading 0 native plugins for Editor in 0.00 ms.
Invoked RoslynAnalysisRunner static constructor.
RoslynAnalysisRunner will not be running.
RoslynAnalysisRunner has terminated.
Mono: successfully reloaded assembly
- Completed reload, in  0.781 seconds
Platform modules already initialized, skipping
Refreshing native plugins compatible for Editor in 0.56 ms, found 0 plugins.
Preloading 0 native plugins for Editor in 0.00 ms.
Unloading 2557 Unused Serialized files (Serialized files now loaded: 0)
System memory in use before: 106.4 MB.
System memory in use after: 106.6 MB.

Unloading 7 unused Assets to reduce memory usage. Loaded Objects now: 3047.
Total: 1.844400 ms (FindLiveObjects: 0.266700 ms CreateObjectMapping: 0.141200 ms MarkObjects: 1.345500 ms  DeleteObjects: 0.090100 ms)

========================================================================
Received Prepare
Registering precompiled user dll's ...
Registered in 0.001212 seconds.
Begin MonoManager ReloadAssembly
Native extension for WindowsStandalone target not found
Native extension for WebGL target not found
Refreshing native plugins compatible for Editor in 0.55 ms, found 0 plugins.
Preloading 0 native plugins for Editor in 0.00 ms.
Invoked RoslynAnalysisRunner static constructor.
RoslynAnalysisRunner will not be running.
RoslynAnalysisRunner has terminated.
Mono: successfully reloaded assembly
- Completed reload, in  0.742 seconds
Platform modules already initialized, skipping
Refreshing native plugins compatible for Editor in 0.58 ms, found 0 plugins.
Preloading 0 native plugins for Editor in 0.00 ms.
Unloading 2557 Unused Serialized files (Serialized files now loaded: 0)
System memory in use before: 106.5 MB.
System memory in use after: 106.7 MB.

Unloading 7 unused Assets to reduce memory usage. Loaded Objects now: 3050.
Total: 5.259800 ms (FindLiveObjects: 0.546200 ms CreateObjectMapping: 0.370300 ms MarkObjects: 4.210800 ms  DeleteObjects: 0.129800 ms)

========================================================================
Received Prepare
Registering precompiled user dll's ...
Registered in 0.001210 seconds.
Begin MonoManager ReloadAssembly
Native extension for WindowsStandalone target not found
Native extension for WebGL target not found
Refreshing native plugins compatible for Editor in 0.56 ms, found 0 plugins.
Preloading 0 native plugins for Editor in 0.00 ms.
Invoked RoslynAnalysisRunner static constructor.
RoslynAnalysisRunner will not be running.
RoslynAnalysisRunner has terminated.
Mono: successfully reloaded assembly
- Completed reload, in  0.769 seconds
Platform modules already initialized, skipping
Refreshing native plugins compatible for Editor in 0.57 ms, found 0 plugins.
Preloading 0 native plugins for Editor in 0.00 ms.
Unloading 2557 Unused Serialized files (Serialized files now loaded: 0)
System memory in use before: 106.5 MB.
System memory in use after: 106.7 MB.

Unloading 7 unused Assets to reduce memory usage. Loaded Objects now: 3053.
Total: 2.101400 ms (FindLiveObjects: 0.286500 ms CreateObjectMapping: 0.160000 ms MarkObjects: 1.565400 ms  DeleteObjects: 0.088300 ms)

========================================================================
Received Import Request.
  Time since last request: 431.037369 seconds.
  path: Assets/Scripts/Level2 scripts/BossScript.cs
  artifactKey: Guid(8cb4d957e4ccb1f4f9fd08f429b2a92d) Importer(815301076,1909f56bfc062723c751e8b465ee728b)
Start importing Assets/Scripts/Level2 scripts/BossScript.cs using Guid(8cb4d957e4ccb1f4f9fd08f429b2a92d) Importer(815301076,1909f56bfc062723c751e8b465ee728b)  -> (artifact id: '4e0350da2f3b9d76ec6e3bf17116e3e0') in 0.004539 seconds
  Import took 0.008327 seconds .

========================================================================
Received Prepare
Registering precompiled user dll's ...
Registered in 0.001303 seconds.
Begin MonoManager ReloadAssembly
Native extension for WindowsStandalone target not found
Native extension for WebGL target not found
Refreshing native plugins compatible for Editor in 0.59 ms, found 0 plugins.
Preloading 0 native plugins for Editor in 0.00 ms.
Invoked RoslynAnalysisRunner static constructor.
RoslynAnalysisRunner will not be running.
RoslynAnalysisRunner has terminated.
Mono: successfully reloaded assembly
- Completed reload, in  0.764 seconds
Platform modules already initialized, skipping
Refreshing native plugins compatible for Editor in 0.57 ms, found 0 plugins.
Preloading 0 native plugins for Editor in 0.00 ms.
Unloading 2557 Unused Serialized files (Serialized files now loaded: 0)
System memory in use before: 106.5 MB.
System memory in use after: 106.7 MB.

Unloading 7 unused Assets to reduce memory usage. Loaded Objects now: 3056.
Total: 2.128600 ms (FindLiveObjects: 0.311600 ms CreateObjectMapping: 0.139100 ms MarkObjects: 1.580800 ms  DeleteObjects: 0.095400 ms)

========================================================================
Received Import Request.
  Time since last request: 241.467464 seconds.
  path: Assets/Scripts/Level2 scripts/BossScript.cs
  artifactKey: Guid(8cb4d957e4ccb1f4f9fd08f429b2a92d) Importer(815301076,1909f56bfc062723c751e8b465ee728b)
Start importing Assets/Scripts/Level2 scripts/BossScript.cs using Guid(8cb4d957e4ccb1f4f9fd08f429b2a92d) Importer(815301076,1909f56bfc062723c751e8b465ee728b)  -> (artifact id: '8e540cbc1339053519bc11b3a98744a7') in 0.004639 seconds
  Import took 0.008408 seconds .

========================================================================
Received Import Request.
  Time since last request: 2.137894 seconds.
  path: Assets/Scripts/Level2 scripts/BossScript.cs
  artifactKey: Guid(8cb4d957e4ccb1f4f9fd08f429b2a92d) Importer(815301076,1909f56bfc062723c751e8b465ee728b)
Start importing Assets/Scripts/Level2 scripts/BossScript.cs using Guid(8cb4d957e4ccb1f4f9fd08f429b2a92d) Importer(815301076,1909f56bfc062723c751e8b465ee728b)  -> (artifact id: '8e540cbc1339053519bc11b3a98744a7') in 0.001524 seconds
  Import took 0.004993 seconds .

========================================================================
Received Prepare
Registering precompiled user dll's ...
Registered in 0.001214 seconds.
Begin MonoManager ReloadAssembly
Native extension for WindowsStandalone target not found
Native extension for WebGL target not found
Refreshing native plugins compatible for Editor in 0.75 ms, found 0 plugins.
Preloading 0 native plugins for Editor in 0.00 ms.
Invoked RoslynAnalysisRunner static constructor.
RoslynAnalysisRunner will not be running.
RoslynAnalysisRunner has terminated.
Mono: successfully reloaded assembly
- Completed reload, in  0.785 seconds
Platform modules already initialized, skipping
Refreshing native plugins compatible for Editor in 0.58 ms, found 0 plugins.
Preloading 0 native plugins for Editor in 0.00 ms.
Unloading 2557 Unused Serialized files (Serialized files now loaded: 0)
System memory in use before: 106.5 MB.
System memory in use after: 106.7 MB.

Unloading 7 unused Assets to reduce memory usage. Loaded Objects now: 3059.
Total: 2.435000 ms (FindLiveObjects: 0.305200 ms CreateObjectMapping: 0.155600 ms MarkObjects: 1.877000 ms  DeleteObjects: 0.096300 ms)

========================================================================
Received Import Request.
  Time since last request: 54.308476 seconds.
  path: Assets/Scripts/Level2 scripts/BossScript.cs
  artifactKey: Guid(8cb4d957e4ccb1f4f9fd08f429b2a92d) Importer(815301076,1909f56bfc062723c751e8b465ee728b)
Start importing Assets/Scripts/Level2 scripts/BossScript.cs using Guid(8cb4d957e4ccb1f4f9fd08f429b2a92d) Importer(815301076,1909f56bfc062723c751e8b465ee728b)  -> (artifact id: 'eeaf5a50f435019503b1eac96dadfd08') in 0.004783 seconds
  Import took 0.008910 seconds .

========================================================================
Received Import Request.
  Time since last request: 1.492098 seconds.
  path: Assets/Scripts/Level2 scripts/BossScript.cs
  artifactKey: Guid(8cb4d957e4ccb1f4f9fd08f429b2a92d) Importer(815301076,1909f56bfc062723c751e8b465ee728b)
Start importing Assets/Scripts/Level2 scripts/BossScript.cs using Guid(8cb4d957e4ccb1f4f9fd08f429b2a92d) Importer(815301076,1909f56bfc062723c751e8b465ee728b)  -> (artifact id: 'eeaf5a50f435019503b1eac96dadfd08') in 0.001923 seconds
  Import took 0.005991 seconds .

========================================================================
Received Prepare
Registering precompiled user dll's ...
Registered in 0.001256 seconds.
Begin MonoManager ReloadAssembly
Native extension for WindowsStandalone target not found
Native extension for WebGL target not found
Refreshing native plugins compatible for Editor in 0.57 ms, found 0 plugins.
Preloading 0 native plugins for Editor in 0.00 ms.
Invoked RoslynAnalysisRunner static constructor.
RoslynAnalysisRunner will not be running.
RoslynAnalysisRunner has terminated.
Mono: successfully reloaded assembly
- Completed reload, in  0.758 seconds
Platform modules already initialized, skipping
Refreshing native plugins compatible for Editor in 0.56 ms, found 0 plugins.
Preloading 0 native plugins for Editor in 0.00 ms.
Unloading 2557 Unused Serialized files (Serialized files now loaded: 0)
System memory in use before: 106.6 MB.
System memory in use after: 106.7 MB.

Unloading 7 unused Assets to reduce memory usage. Loaded Objects now: 3062.
Total: 2.075500 ms (FindLiveObjects: 0.417500 ms CreateObjectMapping: 0.123700 ms MarkObjects: 1.437400 ms  DeleteObjects: 0.096200 ms)

========================================================================
Received Prepare
Registering precompiled user dll's ...
Registered in 0.001210 seconds.
Begin MonoManager ReloadAssembly
Native extension for WindowsStandalone target not found
Native extension for WebGL target not found
Refreshing native plugins compatible for Editor in 0.63 ms, found 0 plugins.
Preloading 0 native plugins for Editor in 0.00 ms.
Invoked RoslynAnalysisRunner static constructor.
RoslynAnalysisRunner will not be running.
RoslynAnalysisRunner has terminated.
Mono: successfully reloaded assembly
- Completed reload, in  0.759 seconds
Platform modules already initialized, skipping
Refreshing native plugins compatible for Editor in 0.58 ms, found 0 plugins.
Preloading 0 native plugins for Editor in 0.00 ms.
Unloading 2557 Unused Serialized files (Serialized files now loaded: 0)
System memory in use before: 106.6 MB.
System memory in use after: 106.8 MB.

Unloading 7 unused Assets to reduce memory usage. Loaded Objects now: 3065.
Total: 2.888300 ms (FindLiveObjects: 0.536700 ms CreateObjectMapping: 0.278600 ms MarkObjects: 1.992100 ms  DeleteObjects: 0.079300 ms)

========================================================================
Received Import Request.
  Time since last request: 125.566464 seconds.
  path: Assets/Scripts/Level2 scripts/BossScript.cs
  artifactKey: Guid(8cb4d957e4ccb1f4f9fd08f429b2a92d) Importer(815301076,1909f56bfc062723c751e8b465ee728b)
Start importing Assets/Scripts/Level2 scripts/BossScript.cs using Guid(8cb4d957e4ccb1f4f9fd08f429b2a92d) Importer(815301076,1909f56bfc062723c751e8b465ee728b)  -> (artifact id: '9cf1c87682108c5e3732dfd878241ae1') in 0.004279 seconds
  Import took 0.008027 seconds .

========================================================================
Received Import Request.
  Time since last request: 1.983930 seconds.
  path: Assets/Scripts/Level2 scripts/BossScript.cs
  artifactKey: Guid(8cb4d957e4ccb1f4f9fd08f429b2a92d) Importer(815301076,1909f56bfc062723c751e8b465ee728b)
Start importing Assets/Scripts/Level2 scripts/BossScript.cs using Guid(8cb4d957e4ccb1f4f9fd08f429b2a92d) Importer(815301076,1909f56bfc062723c751e8b465ee728b)  -> (artifact id: '9cf1c87682108c5e3732dfd878241ae1') in 0.001565 seconds
  Import took 0.005692 seconds .

========================================================================
Received Prepare
Registering precompiled user dll's ...
Registered in 0.001256 seconds.
Begin MonoManager ReloadAssembly
Native extension for WindowsStandalone target not found
Native extension for WebGL target not found
Refreshing native plugins compatible for Editor in 0.56 ms, found 0 plugins.
Preloading 0 native plugins for Editor in 0.00 ms.
Invoked RoslynAnalysisRunner static constructor.
RoslynAnalysisRunner will not be running.
RoslynAnalysisRunner has terminated.
Mono: successfully reloaded assembly
- Completed reload, in  0.748 seconds
Platform modules already initialized, skipping
Refreshing native plugins compatible for Editor in 0.56 ms, found 0 plugins.
Preloading 0 native plugins for Editor in 0.00 ms.
Unloading 2557 Unused Serialized files (Serialized files now loaded: 0)
System memory in use before: 106.6 MB.
System memory in use after: 106.8 MB.

Unloading 7 unused Assets to reduce memory usage. Loaded Objects now: 3068.
Total: 1.994100 ms (FindLiveObjects: 0.285400 ms CreateObjectMapping: 0.126400 ms MarkObjects: 1.492400 ms  DeleteObjects: 0.089200 ms)

========================================================================
Received Prepare
Registering precompiled user dll's ...
Registered in 0.001222 seconds.
Begin MonoManager ReloadAssembly
Native extension for WindowsStandalone target not found
Native extension for WebGL target not found
Refreshing native plugins compatible for Editor in 0.59 ms, found 0 plugins.
Preloading 0 native plugins for Editor in 0.00 ms.
Invoked RoslynAnalysisRunner static constructor.
RoslynAnalysisRunner will not be running.
RoslynAnalysisRunner has terminated.
Mono: successfully reloaded assembly
- Completed reload, in  0.756 seconds
Platform modules already initialized, skipping
Refreshing native plugins compatible for Editor in 0.59 ms, found 0 plugins.
Preloading 0 native plugins for Editor in 0.00 ms.
Unloading 2557 Unused Serialized files (Serialized files now loaded: 0)
System memory in use before: 106.6 MB.
System memory in use after: 106.8 MB.

Unloading 7 unused Assets to reduce memory usage. Loaded Objects now: 3071.
Total: 2.443000 ms (FindLiveObjects: 0.315300 ms CreateObjectMapping: 0.157700 ms MarkObjects: 1.869600 ms  DeleteObjects: 0.099100 ms)

========================================================================
Received Import Request.
  Time since last request: 172.242050 seconds.
  path: Assets/Scripts/Level2 scripts/BossScript.cs
  artifactKey: Guid(8cb4d957e4ccb1f4f9fd08f429b2a92d) Importer(815301076,1909f56bfc062723c751e8b465ee728b)
Start importing Assets/Scripts/Level2 scripts/BossScript.cs using Guid(8cb4d957e4ccb1f4f9fd08f429b2a92d) Importer(815301076,1909f56bfc062723c751e8b465ee728b)  -> (artifact id: '84a7dafd0ad3f4eeb3e7acba148b255d') in 0.004174 seconds
  Import took 0.008037 seconds .

========================================================================
Received Import Request.
  Time since last request: 1.870589 seconds.
  path: Assets/Scripts/Level2 scripts/BossScript.cs
  artifactKey: Guid(8cb4d957e4ccb1f4f9fd08f429b2a92d) Importer(815301076,1909f56bfc062723c751e8b465ee728b)
Start importing Assets/Scripts/Level2 scripts/BossScript.cs using Guid(8cb4d957e4ccb1f4f9fd08f429b2a92d) Importer(815301076,1909f56bfc062723c751e8b465ee728b)  -> (artifact id: '84a7dafd0ad3f4eeb3e7acba148b255d') in 0.001533 seconds
  Import took 0.005100 seconds .

========================================================================
Received Prepare
Registering precompiled user dll's ...
Registered in 0.001251 seconds.
Begin MonoManager ReloadAssembly
Native extension for WindowsStandalone target not found
Native extension for WebGL target not found
Refreshing native plugins compatible for Editor in 0.58 ms, found 0 plugins.
Preloading 0 native plugins for Editor in 0.00 ms.
Invoked RoslynAnalysisRunner static constructor.
RoslynAnalysisRunner will not be running.
RoslynAnalysisRunner has terminated.
Mono: successfully reloaded assembly
- Completed reload, in  0.767 seconds
Platform modules already initialized, skipping
Refreshing native plugins compatible for Editor in 0.56 ms, found 0 plugins.
Preloading 0 native plugins for Editor in 0.00 ms.
Unloading 2557 Unused Serialized files (Serialized files now loaded: 0)
System memory in use before: 106.6 MB.
System memory in use after: 106.8 MB.

Unloading 7 unused Assets to reduce memory usage. Loaded Objects now: 3074.
Total: 1.970700 ms (FindLiveObjects: 0.308800 ms CreateObjectMapping: 0.153800 ms MarkObjects: 1.414300 ms  DeleteObjects: 0.092500 ms)

========================================================================
Received Prepare
Registering precompiled user dll's ...
Registered in 0.001243 seconds.
Begin MonoManager ReloadAssembly
Native extension for WindowsStandalone target not found
Native extension for WebGL target not found
Refreshing native plugins compatible for Editor in 0.61 ms, found 0 plugins.
Preloading 0 native plugins for Editor in 0.00 ms.
Invoked RoslynAnalysisRunner static constructor.
RoslynAnalysisRunner will not be running.
RoslynAnalysisRunner has terminated.
Mono: successfully reloaded assembly
- Completed reload, in  0.739 seconds
Platform modules already initialized, skipping
Refreshing native plugins compatible for Editor in 0.57 ms, found 0 plugins.
Preloading 0 native plugins for Editor in 0.00 ms.
Unloading 2557 Unused Serialized files (Serialized files now loaded: 0)
System memory in use before: 106.6 MB.
System memory in use after: 106.8 MB.

Unloading 7 unused Assets to reduce memory usage. Loaded Objects now: 3077.
Total: 2.141000 ms (FindLiveObjects: 0.379300 ms CreateObjectMapping: 0.200800 ms MarkObjects: 1.487100 ms  DeleteObjects: 0.072900 ms)

========================================================================
Received Prepare
Registering precompiled user dll's ...
Registered in 0.001260 seconds.
Begin MonoManager ReloadAssembly
Native extension for WindowsStandalone target not found
Native extension for WebGL target not found
Refreshing native plugins compatible for Editor in 0.57 ms, found 0 plugins.
Preloading 0 native plugins for Editor in 0.00 ms.
Invoked RoslynAnalysisRunner static constructor.
RoslynAnalysisRunner will not be running.
RoslynAnalysisRunner has terminated.
Mono: successfully reloaded assembly
- Completed reload, in  0.782 seconds
Platform modules already initialized, skipping
Refreshing native plugins compatible for Editor in 0.57 ms, found 0 plugins.
Preloading 0 native plugins for Editor in 0.00 ms.
Unloading 2557 Unused Serialized files (Serialized files now loaded: 0)
System memory in use before: 106.6 MB.
System memory in use after: 106.8 MB.

Unloading 7 unused Assets to reduce memory usage. Loaded Objects now: 3080.
Total: 1.902200 ms (FindLiveObjects: 0.319000 ms CreateObjectMapping: 0.123000 ms MarkObjects: 1.400200 ms  DeleteObjects: 0.058500 ms)

========================================================================
Received Prepare
Registering precompiled user dll's ...
Registered in 0.001841 seconds.
Begin MonoManager ReloadAssembly
Native extension for WindowsStandalone target not found
Native extension for WebGL target not found
Refreshing native plugins compatible for Editor in 0.55 ms, found 0 plugins.
Preloading 0 native plugins for Editor in 0.00 ms.
Invoked RoslynAnalysisRunner static constructor.
RoslynAnalysisRunner will not be running.
RoslynAnalysisRunner has terminated.
Mono: successfully reloaded assembly
- Completed reload, in  0.744 seconds
Platform modules already initialized, skipping
Refreshing native plugins compatible for Editor in 0.56 ms, found 0 plugins.
Preloading 0 native plugins for Editor in 0.00 ms.
Unloading 2557 Unused Serialized files (Serialized files now loaded: 0)
System memory in use before: 106.6 MB.
System memory in use after: 106.8 MB.

Unloading 7 unused Assets to reduce memory usage. Loaded Objects now: 3083.
Total: 2.383100 ms (FindLiveObjects: 0.280300 ms CreateObjectMapping: 0.145700 ms MarkObjects: 1.893700 ms  DeleteObjects: 0.062100 ms)

========================================================================
Received Prepare
Registering precompiled user dll's ...
Registered in 0.001275 seconds.
Begin MonoManager ReloadAssembly
Native extension for WindowsStandalone target not found
Native extension for WebGL target not found
Refreshing native plugins compatible for Editor in 0.56 ms, found 0 plugins.
Preloading 0 native plugins for Editor in 0.00 ms.
Invoked RoslynAnalysisRunner static constructor.
RoslynAnalysisRunner will not be running.
RoslynAnalysisRunner has terminated.
Mono: successfully reloaded assembly
- Completed reload, in  0.751 seconds
Platform modules already initialized, skipping
Refreshing native plugins compatible for Editor in 0.56 ms, found 0 plugins.
Preloading 0 native plugins for Editor in 0.00 ms.
Unloading 2557 Unused Serialized files (Serialized files now loaded: 0)
System memory in use before: 106.6 MB.
System memory in use after: 106.8 MB.

Unloading 7 unused Assets to reduce memory usage. Loaded Objects now: 3086.
Total: 2.078000 ms (FindLiveObjects: 0.312800 ms CreateObjectMapping: 0.131000 ms MarkObjects: 1.535200 ms  DeleteObjects: 0.097800 ms)

========================================================================
Received Prepare
Registering precompiled user dll's ...
Registered in 0.001256 seconds.
Begin MonoManager ReloadAssembly
Native extension for WindowsStandalone target not found
Native extension for WebGL target not found
Refreshing native plugins compatible for Editor in 0.57 ms, found 0 plugins.
Preloading 0 native plugins for Editor in 0.00 ms.
Invoked RoslynAnalysisRunner static constructor.
RoslynAnalysisRunner will not be running.
RoslynAnalysisRunner has terminated.
Mono: successfully reloaded assembly
- Completed reload, in  0.756 seconds
Platform modules already initialized, skipping
Refreshing native plugins compatible for Editor in 0.58 ms, found 0 plugins.
Preloading 0 native plugins for Editor in 0.00 ms.
Unloading 2557 Unused Serialized files (Serialized files now loaded: 0)
System memory in use before: 106.6 MB.
System memory in use after: 106.8 MB.

Unloading 7 unused Assets to reduce memory usage. Loaded Objects now: 3089.
Total: 2.174000 ms (FindLiveObjects: 0.375600 ms CreateObjectMapping: 0.151100 ms MarkObjects: 1.547300 ms  DeleteObjects: 0.098700 ms)

========================================================================
Received Prepare
Registering precompiled user dll's ...
Registered in 0.001270 seconds.
Begin MonoManager ReloadAssembly
Native extension for WindowsStandalone target not found
Native extension for WebGL target not found
Refreshing native plugins compatible for Editor in 0.57 ms, found 0 plugins.
Preloading 0 native plugins for Editor in 0.00 ms.
Invoked RoslynAnalysisRunner static constructor.
RoslynAnalysisRunner will not be running.
RoslynAnalysisRunner has terminated.
Mono: successfully reloaded assembly
- Completed reload, in  0.782 seconds
Platform modules already initialized, skipping
Refreshing native plugins compatible for Editor in 0.58 ms, found 0 plugins.
Preloading 0 native plugins for Editor in 0.00 ms.
Unloading 2557 Unused Serialized files (Serialized files now loaded: 0)
System memory in use before: 106.6 MB.
System memory in use after: 106.8 MB.

Unloading 7 unused Assets to reduce memory usage. Loaded Objects now: 3092.
Total: 2.124300 ms (FindLiveObjects: 0.434300 ms CreateObjectMapping: 0.138000 ms MarkObjects: 1.482500 ms  DeleteObjects: 0.068600 ms)

========================================================================
Received Prepare
Registering precompiled user dll's ...
Registered in 0.001262 seconds.
Begin MonoManager ReloadAssembly
Native extension for WindowsStandalone target not found
Native extension for WebGL target not found
Refreshing native plugins compatible for Editor in 0.55 ms, found 0 plugins.
Preloading 0 native plugins for Editor in 0.00 ms.
Invoked RoslynAnalysisRunner static constructor.
RoslynAnalysisRunner will not be running.
RoslynAnalysisRunner has terminated.
Mono: successfully reloaded assembly
- Completed reload, in  0.742 seconds
Platform modules already initialized, skipping
Refreshing native plugins compatible for Editor in 0.56 ms, found 0 plugins.
Preloading 0 native plugins for Editor in 0.00 ms.
Unloading 2557 Unused Serialized files (Serialized files now loaded: 0)
System memory in use before: 106.6 MB.
System memory in use after: 106.8 MB.

Unloading 7 unused Assets to reduce memory usage. Loaded Objects now: 3095.
Total: 2.180600 ms (FindLiveObjects: 0.424300 ms CreateObjectMapping: 0.144800 ms MarkObjects: 1.503300 ms  DeleteObjects: 0.107400 ms)

========================================================================
Received Prepare
Registering precompiled user dll's ...
Registered in 0.001261 seconds.
Begin MonoManager ReloadAssembly
Native extension for WindowsStandalone target not found
Native extension for WebGL target not found
Refreshing native plugins compatible for Editor in 0.57 ms, found 0 plugins.
Preloading 0 native plugins for Editor in 0.00 ms.
Invoked RoslynAnalysisRunner static constructor.
RoslynAnalysisRunner will not be running.
RoslynAnalysisRunner has terminated.
Mono: successfully reloaded assembly
- Completed reload, in  0.760 seconds
Platform modules already initialized, skipping
Refreshing native plugins compatible for Editor in 0.57 ms, found 0 plugins.
Preloading 0 native plugins for Editor in 0.00 ms.
Unloading 2557 Unused Serialized files (Serialized files now loaded: 0)
System memory in use before: 106.6 MB.
System memory in use after: 106.8 MB.

Unloading 7 unused Assets to reduce memory usage. Loaded Objects now: 3098.
Total: 1.871600 ms (FindLiveObjects: 0.255100 ms CreateObjectMapping: 0.113100 ms MarkObjects: 1.436500 ms  DeleteObjects: 0.066000 ms)

========================================================================
Received Prepare
Registering precompiled user dll's ...
Registered in 0.001359 seconds.
Begin MonoManager ReloadAssembly
Native extension for WindowsStandalone target not found
Native extension for WebGL target not found
Refreshing native plugins compatible for Editor in 0.69 ms, found 0 plugins.
Preloading 0 native plugins for Editor in 0.00 ms.
Invoked RoslynAnalysisRunner static constructor.
RoslynAnalysisRunner will not be running.
RoslynAnalysisRunner has terminated.
Mono: successfully reloaded assembly
- Completed reload, in  0.887 seconds
Platform modules already initialized, skipping
Refreshing native plugins compatible for Editor in 0.60 ms, found 0 plugins.
Preloading 0 native plugins for Editor in 0.00 ms.
Unloading 2557 Unused Serialized files (Serialized files now loaded: 0)
System memory in use before: 106.6 MB.
System memory in use after: 106.8 MB.

Unloading 7 unused Assets to reduce memory usage. Loaded Objects now: 3101.
Total: 2.333400 ms (FindLiveObjects: 0.401800 ms CreateObjectMapping: 0.223300 ms MarkObjects: 1.637800 ms  DeleteObjects: 0.068900 ms)

========================================================================
Received Prepare
Registering precompiled user dll's ...
Registered in 0.001401 seconds.
Begin MonoManager ReloadAssembly
Native extension for WindowsStandalone target not found
Native extension for WebGL target not found
Refreshing native plugins compatible for Editor in 0.58 ms, found 0 plugins.
Preloading 0 native plugins for Editor in 0.00 ms.
Invoked RoslynAnalysisRunner static constructor.
RoslynAnalysisRunner will not be running.
RoslynAnalysisRunner has terminated.
Mono: successfully reloaded assembly
- Completed reload, in  0.778 seconds
Platform modules already initialized, skipping
Refreshing native plugins compatible for Editor in 0.57 ms, found 0 plugins.
Preloading 0 native plugins for Editor in 0.00 ms.
Unloading 2557 Unused Serialized files (Serialized files now loaded: 0)
System memory in use before: 106.6 MB.
System memory in use after: 106.8 MB.

Unloading 7 unused Assets to reduce memory usage. Loaded Objects now: 3104.
Total: 1.928200 ms (FindLiveObjects: 0.292600 ms CreateObjectMapping: 0.122400 ms MarkObjects: 1.446000 ms  DeleteObjects: 0.066100 ms)

========================================================================
Received Prepare
Registering precompiled user dll's ...
Registered in 0.001256 seconds.
Begin MonoManager ReloadAssembly
Native extension for WindowsStandalone target not found
Native extension for WebGL target not found
Refreshing native plugins compatible for Editor in 0.56 ms, found 0 plugins.
Preloading 0 native plugins for Editor in 0.00 ms.
Invoked RoslynAnalysisRunner static constructor.
RoslynAnalysisRunner will not be running.
RoslynAnalysisRunner has terminated.
Mono: successfully reloaded assembly
- Completed reload, in  0.765 seconds
Platform modules already initialized, skipping
Refreshing native plugins compatible for Editor in 0.70 ms, found 0 plugins.
Preloading 0 native plugins for Editor in 0.00 ms.
Unloading 2557 Unused Serialized files (Serialized files now loaded: 0)
System memory in use before: 106.6 MB.
System memory in use after: 106.8 MB.

Unloading 7 unused Assets to reduce memory usage. Loaded Objects now: 3107.
Total: 2.153400 ms (FindLiveObjects: 0.384700 ms CreateObjectMapping: 0.182200 ms MarkObjects: 1.482800 ms  DeleteObjects: 0.102600 ms)

AssetImportWorkerClient::OnTransportError - code=2 error=End of file
