Using pre-set license
Built from '2020.3/staging' branch; Version is '2020.3.0f1 (c7b5465681fb) revision 13088070'; Using compiler version '192528614'; Build Type 'Release'
OS: 'Windows 10 Home; OS build 19042.1083; Version 2009; 64bit' Language: 'uk' Physical Memory: 16291 MB
BatchMode: 1, IsHumanControllingUs: 0, StartBugReporterOnCrash: 0, Is64bit: 1, IsPro: 0

 COMMAND LINE ARGUMENTS:
C:\Program Files\Unity\Hub\Editor\2020.3.0f1\Editor\Unity.exe
-adb2
-batchMode
-noUpm
-name
AssetImportWorker0
-projectPath
D:/UNITY/MadeGames/Game with Primitives
-logFile
Logs/AssetImportWorker0.log
-srvPort
54512
Successfully changed project path to: D:/UNITY/MadeGames/Game with Primitives
D:/UNITY/MadeGames/Game with Primitives
Using Asset Import Pipeline V2.
Refreshing native plugins compatible for Editor in 25.89 ms, found 0 plugins.
Preloading 0 native plugins for Editor in 0.00 ms.
Initialize engine version: 2020.3.0f1 (c7b5465681fb)
[Subsystems] Discovering subsystems at path C:/Program Files/Unity/Hub/Editor/2020.3.0f1/Editor/Data/Resources/UnitySubsystems
[Subsystems] Discovering subsystems at path D:/UNITY/MadeGames/Game with Primitives/Assets
GfxDevice: creating device client; threaded=0
Direct3D:
    Version:  Direct3D 11.0 [level 11.1]
    Renderer: NVIDIA GeForce RTX 2060 (ID=0x1f15)
    Vendor:   
    VRAM:     5980 MB
    Driver:   30.0.14.7111
Initialize mono
Mono path[0] = 'C:/Program Files/Unity/Hub/Editor/2020.3.0f1/Editor/Data/Managed'
Mono path[1] = 'C:/Program Files/Unity/Hub/Editor/2020.3.0f1/Editor/Data/MonoBleedingEdge/lib/mono/unityjit'
Mono config path = 'C:/Program Files/Unity/Hub/Editor/2020.3.0f1/Editor/Data/MonoBleedingEdge/etc'
Using monoOptions --debugger-agent=transport=dt_socket,embedding=1,server=y,suspend=n,address=127.0.0.1:56412
Begin MonoManager ReloadAssembly
Registering precompiled unity dll's ...
Register platform support module: C:/Program Files/Unity/Hub/Editor/2020.3.0f1/Editor/Data/PlaybackEngines/WebGLSupport/UnityEditor.WebGL.Extensions.dll
Register platform support module: C:/Program Files/Unity/Hub/Editor/2020.3.0f1/Editor/Data/PlaybackEngines/WindowsStandaloneSupport/UnityEditor.WindowsStandalone.Extensions.dll
Registered in 0.001833 seconds.
Native extension for WindowsStandalone target not found
Native extension for WebGL target not found
Refreshing native plugins compatible for Editor in 27.26 ms, found 0 plugins.
Preloading 0 native plugins for Editor in 0.00 ms.
Invoked RoslynAnalysisRunner static constructor.
RoslynAnalysisRunner will not be running.
RoslynAnalysisRunner has terminated.
Mono: successfully reloaded assembly
- Completed reload, in  0.969 seconds
Platform modules already initialized, skipping
Registering precompiled user dll's ...
Registered in 0.000737 seconds.
Begin MonoManager ReloadAssembly
Native extension for WindowsStandalone target not found
Native extension for WebGL target not found
Refreshing native plugins compatible for Editor in 0.25 ms, found 0 plugins.
Preloading 0 native plugins for Editor in 0.00 ms.
Invoked RoslynAnalysisRunner static constructor.
RoslynAnalysisRunner will not be running.
RoslynAnalysisRunner has terminated.
Mono: successfully reloaded assembly
- Completed reload, in  0.727 seconds
Platform modules already initialized, skipping
========================================================================
Worker process is ready to serve import requests
Launched and connected shader compiler UnityShaderCompiler.exe after 0.03 seconds
Refreshing native plugins compatible for Editor in 0.44 ms, found 0 plugins.
Preloading 0 native plugins for Editor in 0.00 ms.
Unloading 1213 Unused Serialized files (Serialized files now loaded: 0)
System memory in use before: 62.2 MB.
System memory in use after: 62.3 MB.

Unloading 11 unused Assets to reduce memory usage. Loaded Objects now: 1660.
Total: 2.565500 ms (FindLiveObjects: 0.276800 ms CreateObjectMapping: 0.138400 ms MarkObjects: 2.050100 ms  DeleteObjects: 0.099100 ms)

========================================================================
Received Import Request.
  path: Assets/Scripts/Level1 Scripts/Enemy.cs
  artifactKey: Guid(e2bc468810c42484ea7e3d4b3f1434ea) Importer(815301076,1909f56bfc062723c751e8b465ee728b)
Start importing Assets/Scripts/Level1 Scripts/Enemy.cs using Guid(e2bc468810c42484ea7e3d4b3f1434ea) Importer(815301076,1909f56bfc062723c751e8b465ee728b)  -> (artifact id: '4a6f0e3ae195a6ea6be811f427a7417b') in 0.140420 seconds
  Import took 0.142477 seconds .

========================================================================
Received Prepare
Refreshing native plugins compatible for Editor in 0.65 ms, found 0 plugins.
Preloading 0 native plugins for Editor in 0.00 ms.
Unloading 4 Unused Serialized files (Serialized files now loaded: 0)
System memory in use before: 37.4 MB.
System memory in use after: 37.5 MB.

Unloading 4 unused Assets to reduce memory usage. Loaded Objects now: 1660.
Total: 1.842600 ms (FindLiveObjects: 0.245500 ms CreateObjectMapping: 0.035800 ms MarkObjects: 1.508400 ms  DeleteObjects: 0.051800 ms)

========================================================================
Received Import Request.
  Time since last request: 64.163340 seconds.
  path: Assets/Scripts/Level1 Scripts/Enemy.cs
  artifactKey: Guid(e2bc468810c42484ea7e3d4b3f1434ea) Importer(815301076,1909f56bfc062723c751e8b465ee728b)
Start importing Assets/Scripts/Level1 Scripts/Enemy.cs using Guid(e2bc468810c42484ea7e3d4b3f1434ea) Importer(815301076,1909f56bfc062723c751e8b465ee728b)  -> (artifact id: '21ed34ef6c0d3e56b0645e9e4dc85da1') in 0.001312 seconds
  Import took 0.003472 seconds .

========================================================================
Received Prepare
Registering precompiled user dll's ...
Registered in 0.000576 seconds.
Begin MonoManager ReloadAssembly
Native extension for WindowsStandalone target not found
Native extension for WebGL target not found
Refreshing native plugins compatible for Editor in 0.34 ms, found 0 plugins.
Preloading 0 native plugins for Editor in 0.00 ms.
Invoked RoslynAnalysisRunner static constructor.
RoslynAnalysisRunner will not be running.
RoslynAnalysisRunner has terminated.
Mono: successfully reloaded assembly
- Completed reload, in  0.641 seconds
Platform modules already initialized, skipping
Refreshing native plugins compatible for Editor in 0.24 ms, found 0 plugins.
Preloading 0 native plugins for Editor in 0.00 ms.
Unloading 1195 Unused Serialized files (Serialized files now loaded: 0)
System memory in use before: 61.2 MB.
System memory in use after: 61.3 MB.

Unloading 6 unused Assets to reduce memory usage. Loaded Objects now: 1663.
Total: 1.468900 ms (FindLiveObjects: 0.147400 ms CreateObjectMapping: 0.035000 ms MarkObjects: 1.182900 ms  DeleteObjects: 0.102900 ms)

========================================================================
Received Prepare
Registering precompiled user dll's ...
Registered in 0.000800 seconds.
Begin MonoManager ReloadAssembly
Native extension for WindowsStandalone target not found
Native extension for WebGL target not found
Refreshing native plugins compatible for Editor in 0.25 ms, found 0 plugins.
Preloading 0 native plugins for Editor in 0.00 ms.
Invoked RoslynAnalysisRunner static constructor.
RoslynAnalysisRunner will not be running.
RoslynAnalysisRunner has terminated.
Mono: successfully reloaded assembly
- Completed reload, in  0.652 seconds
Platform modules already initialized, skipping
Refreshing native plugins compatible for Editor in 0.27 ms, found 0 plugins.
Preloading 0 native plugins for Editor in 0.00 ms.
Unloading 1195 Unused Serialized files (Serialized files now loaded: 0)
System memory in use before: 61.2 MB.
System memory in use after: 61.3 MB.

Unloading 6 unused Assets to reduce memory usage. Loaded Objects now: 1666.
Total: 1.361900 ms (FindLiveObjects: 0.122500 ms CreateObjectMapping: 0.035600 ms MarkObjects: 1.152100 ms  DeleteObjects: 0.050700 ms)

========================================================================
Received Prepare
Registering precompiled user dll's ...
Registered in 0.000590 seconds.
Begin MonoManager ReloadAssembly
Native extension for WindowsStandalone target not found
Native extension for WebGL target not found
Refreshing native plugins compatible for Editor in 0.24 ms, found 0 plugins.
Preloading 0 native plugins for Editor in 0.00 ms.
Invoked RoslynAnalysisRunner static constructor.
RoslynAnalysisRunner will not be running.
RoslynAnalysisRunner has terminated.
Mono: successfully reloaded assembly
- Completed reload, in  0.605 seconds
Platform modules already initialized, skipping
Refreshing native plugins compatible for Editor in 0.24 ms, found 0 plugins.
Preloading 0 native plugins for Editor in 0.00 ms.
Unloading 1195 Unused Serialized files (Serialized files now loaded: 0)
System memory in use before: 61.2 MB.
System memory in use after: 61.3 MB.

Unloading 6 unused Assets to reduce memory usage. Loaded Objects now: 1669.
Total: 1.395600 ms (FindLiveObjects: 0.165800 ms CreateObjectMapping: 0.032000 ms MarkObjects: 1.111800 ms  DeleteObjects: 0.085400 ms)

========================================================================
Received Import Request.
  Time since last request: 687.184376 seconds.
  path: Assets/Scenes/My Game.unity
  artifactKey: Guid(9fc0d4010bbf28b4594072e72b8655ab) Importer(815301076,1909f56bfc062723c751e8b465ee728b)
Start importing Assets/Scenes/My Game.unity using Guid(9fc0d4010bbf28b4594072e72b8655ab) Importer(815301076,1909f56bfc062723c751e8b465ee728b)  -> (artifact id: '44c7c11dff98f79830cd886680aa3973') in 0.014353 seconds
  Import took 0.016375 seconds .

========================================================================
Received Prepare
Registering precompiled user dll's ...
Registered in 0.000639 seconds.
Begin MonoManager ReloadAssembly
Native extension for WindowsStandalone target not found
Native extension for WebGL target not found
Refreshing native plugins compatible for Editor in 0.24 ms, found 0 plugins.
Preloading 0 native plugins for Editor in 0.00 ms.
Invoked RoslynAnalysisRunner static constructor.
RoslynAnalysisRunner will not be running.
RoslynAnalysisRunner has terminated.
Mono: successfully reloaded assembly
- Completed reload, in  0.653 seconds
Platform modules already initialized, skipping
Refreshing native plugins compatible for Editor in 0.24 ms, found 0 plugins.
Preloading 0 native plugins for Editor in 0.00 ms.
Unloading 1195 Unused Serialized files (Serialized files now loaded: 0)
System memory in use before: 61.2 MB.
System memory in use after: 61.3 MB.

Unloading 6 unused Assets to reduce memory usage. Loaded Objects now: 1672.
Total: 1.638100 ms (FindLiveObjects: 0.125000 ms CreateObjectMapping: 0.033000 ms MarkObjects: 1.394500 ms  DeleteObjects: 0.084500 ms)

========================================================================
Received Prepare
Registering precompiled user dll's ...
Registered in 0.000636 seconds.
Begin MonoManager ReloadAssembly
Native extension for WindowsStandalone target not found
Native extension for WebGL target not found
Refreshing native plugins compatible for Editor in 0.24 ms, found 0 plugins.
Preloading 0 native plugins for Editor in 0.00 ms.
Invoked RoslynAnalysisRunner static constructor.
RoslynAnalysisRunner will not be running.
RoslynAnalysisRunner has terminated.
Mono: successfully reloaded assembly
- Completed reload, in  0.631 seconds
Platform modules already initialized, skipping
Refreshing native plugins compatible for Editor in 0.24 ms, found 0 plugins.
Preloading 0 native plugins for Editor in 0.00 ms.
Unloading 1195 Unused Serialized files (Serialized files now loaded: 0)
System memory in use before: 61.2 MB.
System memory in use after: 61.3 MB.

Unloading 6 unused Assets to reduce memory usage. Loaded Objects now: 1675.
Total: 4.338600 ms (FindLiveObjects: 0.468200 ms CreateObjectMapping: 0.198900 ms MarkObjects: 3.538400 ms  DeleteObjects: 0.129400 ms)

========================================================================
Received Import Request.
  Time since last request: 1190.688808 seconds.
  path: Assets/Animations/fade_from_black.anim
  artifactKey: Guid(243cb039f8d9c5a41bd4f723f35e140a) Importer(815301076,1909f56bfc062723c751e8b465ee728b)
Start importing Assets/Animations/fade_from_black.anim using Guid(243cb039f8d9c5a41bd4f723f35e140a) Importer(815301076,1909f56bfc062723c751e8b465ee728b)  -> (artifact id: '8f6cc51a14ecf94ebd3c194ec43e05b2') in 0.017659 seconds
  Import took 0.020608 seconds .

========================================================================
Received Import Request.
  Time since last request: 0.002624 seconds.
  path: Assets/Animations/fade_from_black.anim
  artifactKey: Guid(243cb039f8d9c5a41bd4f723f35e140a) Importer(815301076,1909f56bfc062723c751e8b465ee728b)
Start importing Assets/Animations/fade_from_black.anim using Guid(243cb039f8d9c5a41bd4f723f35e140a) Importer(815301076,1909f56bfc062723c751e8b465ee728b)  -> (artifact id: '8f6cc51a14ecf94ebd3c194ec43e05b2') in 0.001791 seconds
  Import took 0.003468 seconds .

========================================================================
Received Import Request.
  Time since last request: 2.607746 seconds.
  path: Assets/Animations/fade_to_black.anim
  artifactKey: Guid(e73df2f8e5bbd2f4c97b57cb97dd0b7e) Importer(815301076,1909f56bfc062723c751e8b465ee728b)
Start importing Assets/Animations/fade_to_black.anim using Guid(e73df2f8e5bbd2f4c97b57cb97dd0b7e) Importer(815301076,1909f56bfc062723c751e8b465ee728b)  -> (artifact id: 'b01b381f48b0f07ff90352a217b266c6') in 0.007274 seconds
  Import took 0.009021 seconds .

========================================================================
Received Import Request.
  Time since last request: 0.002391 seconds.
  path: Assets/Animations/fade_to_black.anim
  artifactKey: Guid(e73df2f8e5bbd2f4c97b57cb97dd0b7e) Importer(815301076,1909f56bfc062723c751e8b465ee728b)
Start importing Assets/Animations/fade_to_black.anim using Guid(e73df2f8e5bbd2f4c97b57cb97dd0b7e) Importer(815301076,1909f56bfc062723c751e8b465ee728b)  -> (artifact id: 'b01b381f48b0f07ff90352a217b266c6') in 0.100017 seconds
  Import took 0.102144 seconds .

========================================================================
Received Prepare
Registering precompiled user dll's ...
Registered in 0.000608 seconds.
Begin MonoManager ReloadAssembly
Native extension for WindowsStandalone target not found
Native extension for WebGL target not found
Refreshing native plugins compatible for Editor in 0.25 ms, found 0 plugins.
Preloading 0 native plugins for Editor in 0.00 ms.
Invoked RoslynAnalysisRunner static constructor.
RoslynAnalysisRunner will not be running.
RoslynAnalysisRunner has terminated.
Mono: successfully reloaded assembly
- Completed reload, in  0.672 seconds
Platform modules already initialized, skipping
Refreshing native plugins compatible for Editor in 0.24 ms, found 0 plugins.
Preloading 0 native plugins for Editor in 0.00 ms.
Unloading 1195 Unused Serialized files (Serialized files now loaded: 0)
System memory in use before: 61.2 MB.
System memory in use after: 61.3 MB.

Unloading 6 unused Assets to reduce memory usage. Loaded Objects now: 1678.
Total: 4.217100 ms (FindLiveObjects: 0.392800 ms CreateObjectMapping: 0.122000 ms MarkObjects: 3.570100 ms  DeleteObjects: 0.128900 ms)

========================================================================
Received Import Request.
  Time since last request: 39.828457 seconds.
  path: Assets/Animations/FadeIn.controller
  artifactKey: Guid(4a523c49fa1f9d444979226fd88d9abe) Importer(815301076,1909f56bfc062723c751e8b465ee728b)
Start importing Assets/Animations/FadeIn.controller using Guid(4a523c49fa1f9d444979226fd88d9abe) Importer(815301076,1909f56bfc062723c751e8b465ee728b)  -> (artifact id: '91a3bcedae18012037ddca457681facb') in 0.015833 seconds
  Import took 0.017709 seconds .

========================================================================
Received Prepare
Registering precompiled user dll's ...
Registered in 0.000646 seconds.
Begin MonoManager ReloadAssembly
Native extension for WindowsStandalone target not found
Native extension for WebGL target not found
Refreshing native plugins compatible for Editor in 0.24 ms, found 0 plugins.
Preloading 0 native plugins for Editor in 0.00 ms.
Invoked RoslynAnalysisRunner static constructor.
RoslynAnalysisRunner will not be running.
RoslynAnalysisRunner has terminated.
Mono: successfully reloaded assembly
- Completed reload, in  0.631 seconds
Platform modules already initialized, skipping
Refreshing native plugins compatible for Editor in 0.24 ms, found 0 plugins.
Preloading 0 native plugins for Editor in 0.00 ms.
Unloading 1195 Unused Serialized files (Serialized files now loaded: 0)
System memory in use before: 61.3 MB.
System memory in use after: 61.3 MB.

Unloading 6 unused Assets to reduce memory usage. Loaded Objects now: 1681.
Total: 3.444500 ms (FindLiveObjects: 0.256800 ms CreateObjectMapping: 0.087300 ms MarkObjects: 2.993200 ms  DeleteObjects: 0.104600 ms)

========================================================================
Received Prepare
Registering precompiled user dll's ...
Registered in 0.000576 seconds.
Begin MonoManager ReloadAssembly
Native extension for WindowsStandalone target not found
Native extension for WebGL target not found
Refreshing native plugins compatible for Editor in 0.26 ms, found 0 plugins.
Preloading 0 native plugins for Editor in 0.00 ms.
Invoked RoslynAnalysisRunner static constructor.
RoslynAnalysisRunner will not be running.
RoslynAnalysisRunner has terminated.
Mono: successfully reloaded assembly
- Completed reload, in  0.864 seconds
Platform modules already initialized, skipping
Refreshing native plugins compatible for Editor in 0.27 ms, found 0 plugins.
Preloading 0 native plugins for Editor in 0.00 ms.
Unloading 1196 Unused Serialized files (Serialized files now loaded: 0)
System memory in use before: 61.3 MB.
System memory in use after: 61.4 MB.

Unloading 6 unused Assets to reduce memory usage. Loaded Objects now: 1685.
Total: 1.550600 ms (FindLiveObjects: 0.178800 ms CreateObjectMapping: 0.046300 ms MarkObjects: 1.275200 ms  DeleteObjects: 0.048700 ms)

========================================================================
Received Prepare
Registering precompiled user dll's ...
Registered in 0.000674 seconds.
Begin MonoManager ReloadAssembly
Native extension for WindowsStandalone target not found
Native extension for WebGL target not found
Refreshing native plugins compatible for Editor in 0.27 ms, found 0 plugins.
Preloading 0 native plugins for Editor in 0.00 ms.
Invoked RoslynAnalysisRunner static constructor.
RoslynAnalysisRunner will not be running.
RoslynAnalysisRunner has terminated.
Mono: successfully reloaded assembly
- Completed reload, in  0.674 seconds
Platform modules already initialized, skipping
Refreshing native plugins compatible for Editor in 0.30 ms, found 0 plugins.
Preloading 0 native plugins for Editor in 0.00 ms.
Unloading 1196 Unused Serialized files (Serialized files now loaded: 0)
System memory in use before: 61.3 MB.
System memory in use after: 61.4 MB.

Unloading 6 unused Assets to reduce memory usage. Loaded Objects now: 1688.
Total: 1.496600 ms (FindLiveObjects: 0.211300 ms CreateObjectMapping: 0.045400 ms MarkObjects: 1.192100 ms  DeleteObjects: 0.046800 ms)

========================================================================
Received Import Request.
  Time since last request: 889.488797 seconds.
  path: Assets/Scripts/MenuScript/levelLoaderScript.cs
  artifactKey: Guid(f23862ac6f0fd58438bb306ddb5d96b7) Importer(815301076,1909f56bfc062723c751e8b465ee728b)
Start importing Assets/Scripts/MenuScript/levelLoaderScript.cs using Guid(f23862ac6f0fd58438bb306ddb5d96b7) Importer(815301076,1909f56bfc062723c751e8b465ee728b)  -> (artifact id: 'd66a78db9ffd94e0c0fa887b8a245f33') in 0.007352 seconds
  Import took 0.009404 seconds .

========================================================================
Received Prepare
Registering precompiled user dll's ...
Registered in 0.000643 seconds.
Begin MonoManager ReloadAssembly
Native extension for WindowsStandalone target not found
Native extension for WebGL target not found
Refreshing native plugins compatible for Editor in 0.25 ms, found 0 plugins.
Preloading 0 native plugins for Editor in 0.00 ms.
Invoked RoslynAnalysisRunner static constructor.
RoslynAnalysisRunner will not be running.
RoslynAnalysisRunner has terminated.
Mono: successfully reloaded assembly
- Completed reload, in  0.648 seconds
Platform modules already initialized, skipping
Refreshing native plugins compatible for Editor in 0.24 ms, found 0 plugins.
Preloading 0 native plugins for Editor in 0.00 ms.
Unloading 1196 Unused Serialized files (Serialized files now loaded: 0)
System memory in use before: 61.3 MB.
System memory in use after: 61.4 MB.

Unloading 6 unused Assets to reduce memory usage. Loaded Objects now: 1691.
Total: 1.503300 ms (FindLiveObjects: 0.141300 ms CreateObjectMapping: 0.042400 ms MarkObjects: 1.271300 ms  DeleteObjects: 0.047400 ms)

========================================================================
Received Prepare
Registering precompiled user dll's ...
Registered in 0.000820 seconds.
Begin MonoManager ReloadAssembly
Native extension for WindowsStandalone target not found
Native extension for WebGL target not found
Refreshing native plugins compatible for Editor in 0.24 ms, found 0 plugins.
Preloading 0 native plugins for Editor in 0.00 ms.
Invoked RoslynAnalysisRunner static constructor.
RoslynAnalysisRunner will not be running.
RoslynAnalysisRunner has terminated.
Mono: successfully reloaded assembly
- Completed reload, in  0.648 seconds
Platform modules already initialized, skipping
Refreshing native plugins compatible for Editor in 0.25 ms, found 0 plugins.
Preloading 0 native plugins for Editor in 0.00 ms.
Unloading 1196 Unused Serialized files (Serialized files now loaded: 0)
System memory in use before: 61.3 MB.
System memory in use after: 61.4 MB.

Unloading 6 unused Assets to reduce memory usage. Loaded Objects now: 1694.
Total: 1.598800 ms (FindLiveObjects: 0.145200 ms CreateObjectMapping: 0.033000 ms MarkObjects: 1.335900 ms  DeleteObjects: 0.083900 ms)

========================================================================
Received Prepare
Registering precompiled user dll's ...
Registered in 0.000640 seconds.
Begin MonoManager ReloadAssembly
Native extension for WindowsStandalone target not found
Native extension for WebGL target not found
Refreshing native plugins compatible for Editor in 0.42 ms, found 0 plugins.
Preloading 0 native plugins for Editor in 0.00 ms.
Invoked RoslynAnalysisRunner static constructor.
RoslynAnalysisRunner will not be running.
RoslynAnalysisRunner has terminated.
Mono: successfully reloaded assembly
- Completed reload, in  0.679 seconds
Platform modules already initialized, skipping
Refreshing native plugins compatible for Editor in 0.24 ms, found 0 plugins.
Preloading 0 native plugins for Editor in 0.00 ms.
Unloading 1195 Unused Serialized files (Serialized files now loaded: 0)
System memory in use before: 61.3 MB.
System memory in use after: 61.4 MB.

Unloading 7 unused Assets to reduce memory usage. Loaded Objects now: 1696.
Total: 1.811700 ms (FindLiveObjects: 0.185900 ms CreateObjectMapping: 0.067800 ms MarkObjects: 1.502300 ms  DeleteObjects: 0.054600 ms)

========================================================================
Received Import Request.
  Time since last request: 333.456201 seconds.
  path: Assets/Scripts/MenuScript/GameManagerMenu.cs
  artifactKey: Guid(e6e4fb5e83e78f74ba6cc1a646002616) Importer(815301076,1909f56bfc062723c751e8b465ee728b)
Start importing Assets/Scripts/MenuScript/GameManagerMenu.cs using Guid(e6e4fb5e83e78f74ba6cc1a646002616) Importer(815301076,1909f56bfc062723c751e8b465ee728b)  -> (artifact id: 'b5c4d0b38ae33ae6abcdbbf9237cbe5f') in 0.111164 seconds
  Import took 0.114998 seconds .

========================================================================
Received Import Request.
  Time since last request: 144.795063 seconds.
  path: Assets/Animations/FadeIn.controller
  artifactKey: Guid(4a523c49fa1f9d444979226fd88d9abe) Importer(815301076,1909f56bfc062723c751e8b465ee728b)
Start importing Assets/Animations/FadeIn.controller using Guid(4a523c49fa1f9d444979226fd88d9abe) Importer(815301076,1909f56bfc062723c751e8b465ee728b)  -> (artifact id: '2581b914b58a827f4cab5286277f6e3d') in 0.008410 seconds
  Import took 0.010453 seconds .

========================================================================
Received Import Request.
  Time since last request: 16.341029 seconds.
  path: Assets/Animations/fade_from_black.anim
  artifactKey: Guid(243cb039f8d9c5a41bd4f723f35e140a) Importer(815301076,1909f56bfc062723c751e8b465ee728b)
Start importing Assets/Animations/fade_from_black.anim using Guid(243cb039f8d9c5a41bd4f723f35e140a) Importer(815301076,1909f56bfc062723c751e8b465ee728b)  -> (artifact id: '72c00d2100a7caeee5c6bc78802fb868') in 0.002120 seconds
  Import took 0.103523 seconds .

========================================================================
Received Import Request.
  Time since last request: 4.200989 seconds.
  path: Assets/Animations/fade_to_black.anim
  artifactKey: Guid(e73df2f8e5bbd2f4c97b57cb97dd0b7e) Importer(815301076,1909f56bfc062723c751e8b465ee728b)
Start importing Assets/Animations/fade_to_black.anim using Guid(e73df2f8e5bbd2f4c97b57cb97dd0b7e) Importer(815301076,1909f56bfc062723c751e8b465ee728b)  -> (artifact id: 'a8abf7a2bd1b6d5d414f9e65189ba2f3') in 0.001867 seconds
  Import took 0.003549 seconds .

========================================================================
Received Prepare
Registering precompiled user dll's ...
Registered in 0.000779 seconds.
Begin MonoManager ReloadAssembly
Native extension for WindowsStandalone target not found
Native extension for WebGL target not found
Refreshing native plugins compatible for Editor in 0.26 ms, found 0 plugins.
Preloading 0 native plugins for Editor in 0.00 ms.
Invoked RoslynAnalysisRunner static constructor.
RoslynAnalysisRunner will not be running.
RoslynAnalysisRunner has terminated.
Mono: successfully reloaded assembly
- Completed reload, in  0.664 seconds
Platform modules already initialized, skipping
Refreshing native plugins compatible for Editor in 0.25 ms, found 0 plugins.
Preloading 0 native plugins for Editor in 0.00 ms.
Unloading 1195 Unused Serialized files (Serialized files now loaded: 0)
System memory in use before: 61.3 MB.
System memory in use after: 61.4 MB.

Unloading 6 unused Assets to reduce memory usage. Loaded Objects now: 1699.
Total: 1.463200 ms (FindLiveObjects: 0.184600 ms CreateObjectMapping: 0.034600 ms MarkObjects: 1.166200 ms  DeleteObjects: 0.076900 ms)

========================================================================
Received Prepare
Registering precompiled user dll's ...
Registered in 0.000675 seconds.
Begin MonoManager ReloadAssembly
Native extension for WindowsStandalone target not found
Native extension for WebGL target not found
Refreshing native plugins compatible for Editor in 0.24 ms, found 0 plugins.
Preloading 0 native plugins for Editor in 0.00 ms.
Invoked RoslynAnalysisRunner static constructor.
RoslynAnalysisRunner will not be running.
RoslynAnalysisRunner has terminated.
Mono: successfully reloaded assembly
- Completed reload, in  0.623 seconds
Platform modules already initialized, skipping
Refreshing native plugins compatible for Editor in 0.24 ms, found 0 plugins.
Preloading 0 native plugins for Editor in 0.00 ms.
Unloading 1195 Unused Serialized files (Serialized files now loaded: 0)
System memory in use before: 61.3 MB.
System memory in use after: 61.4 MB.

Unloading 6 unused Assets to reduce memory usage. Loaded Objects now: 1702.
Total: 1.875500 ms (FindLiveObjects: 0.129800 ms CreateObjectMapping: 0.041000 ms MarkObjects: 1.624300 ms  DeleteObjects: 0.079100 ms)

========================================================================
Received Import Request.
  Time since last request: 276.070759 seconds.
  path: Assets/Prefabs/MenuPrefabs/LevelLoader.prefab
  artifactKey: Guid(ef4791a64853c6f4fb33a260e47b5fe0) Importer(815301076,1909f56bfc062723c751e8b465ee728b)
Start importing Assets/Prefabs/MenuPrefabs/LevelLoader.prefab using Guid(ef4791a64853c6f4fb33a260e47b5fe0) Importer(815301076,1909f56bfc062723c751e8b465ee728b)  -> (artifact id: '99b75a4fe8088e008cf432a7c6c6e3c4') in 0.029353 seconds
  Import took 0.031448 seconds .

========================================================================
Received Import Request.
  Time since last request: 78.192923 seconds.
  path: Assets/Scenes/My Game.unity
  artifactKey: Guid(9fc0d4010bbf28b4594072e72b8655ab) Importer(815301076,1909f56bfc062723c751e8b465ee728b)
Start importing Assets/Scenes/My Game.unity using Guid(9fc0d4010bbf28b4594072e72b8655ab) Importer(815301076,1909f56bfc062723c751e8b465ee728b)  -> (artifact id: '553700ba61cf745ccdf7440438cba2e8') in 0.001840 seconds
  Import took 0.003497 seconds .

========================================================================
Received Import Request.
  Time since last request: 0.011062 seconds.
  path: Assets/Scenes/My Game.unity
  artifactKey: Guid(9fc0d4010bbf28b4594072e72b8655ab) Importer(815301076,1909f56bfc062723c751e8b465ee728b)
Start importing Assets/Scenes/My Game.unity using Guid(9fc0d4010bbf28b4594072e72b8655ab) Importer(815301076,1909f56bfc062723c751e8b465ee728b)  -> (artifact id: '553700ba61cf745ccdf7440438cba2e8') in 0.104744 seconds
  Import took 0.106899 seconds .

========================================================================
Received Prepare
Registering precompiled user dll's ...
Registered in 0.000639 seconds.
Begin MonoManager ReloadAssembly
Native extension for WindowsStandalone target not found
Native extension for WebGL target not found
Refreshing native plugins compatible for Editor in 0.25 ms, found 0 plugins.
Preloading 0 native plugins for Editor in 0.00 ms.
Invoked RoslynAnalysisRunner static constructor.
RoslynAnalysisRunner will not be running.
RoslynAnalysisRunner has terminated.
Mono: successfully reloaded assembly
- Completed reload, in  0.643 seconds
Platform modules already initialized, skipping
Refreshing native plugins compatible for Editor in 0.24 ms, found 0 plugins.
Preloading 0 native plugins for Editor in 0.00 ms.
Unloading 1195 Unused Serialized files (Serialized files now loaded: 0)
System memory in use before: 61.3 MB.
System memory in use after: 61.4 MB.

Unloading 6 unused Assets to reduce memory usage. Loaded Objects now: 1705.
Total: 1.440500 ms (FindLiveObjects: 0.173100 ms CreateObjectMapping: 0.035000 ms MarkObjects: 1.175900 ms  DeleteObjects: 0.055600 ms)

========================================================================
Received Prepare
Registering precompiled user dll's ...
Registered in 0.000619 seconds.
Begin MonoManager ReloadAssembly
Native extension for WindowsStandalone target not found
Native extension for WebGL target not found
Refreshing native plugins compatible for Editor in 0.28 ms, found 0 plugins.
Preloading 0 native plugins for Editor in 0.00 ms.
Invoked RoslynAnalysisRunner static constructor.
RoslynAnalysisRunner will not be running.
RoslynAnalysisRunner has terminated.
Mono: successfully reloaded assembly
- Completed reload, in  0.636 seconds
Platform modules already initialized, skipping
Refreshing native plugins compatible for Editor in 0.24 ms, found 0 plugins.
Preloading 0 native plugins for Editor in 0.00 ms.
Unloading 1195 Unused Serialized files (Serialized files now loaded: 0)
System memory in use before: 61.3 MB.
System memory in use after: 61.4 MB.

Unloading 6 unused Assets to reduce memory usage. Loaded Objects now: 1708.
Total: 1.547500 ms (FindLiveObjects: 0.139100 ms CreateObjectMapping: 0.036200 ms MarkObjects: 1.277100 ms  DeleteObjects: 0.093900 ms)

========================================================================
Received Prepare
Registering precompiled user dll's ...
Registered in 0.000657 seconds.
Begin MonoManager ReloadAssembly
Native extension for WindowsStandalone target not found
Native extension for WebGL target not found
Refreshing native plugins compatible for Editor in 0.25 ms, found 0 plugins.
Preloading 0 native plugins for Editor in 0.00 ms.
Invoked RoslynAnalysisRunner static constructor.
RoslynAnalysisRunner will not be running.
RoslynAnalysisRunner has terminated.
Mono: successfully reloaded assembly
- Completed reload, in  0.598 seconds
Platform modules already initialized, skipping
Refreshing native plugins compatible for Editor in 0.24 ms, found 0 plugins.
Preloading 0 native plugins for Editor in 0.00 ms.
Unloading 1195 Unused Serialized files (Serialized files now loaded: 0)
System memory in use before: 61.3 MB.
System memory in use after: 61.4 MB.

Unloading 6 unused Assets to reduce memory usage. Loaded Objects now: 1711.
Total: 1.628200 ms (FindLiveObjects: 0.165200 ms CreateObjectMapping: 0.052000 ms MarkObjects: 1.350200 ms  DeleteObjects: 0.059900 ms)

========================================================================
Received Import Request.
  Time since last request: 370.454294 seconds.
  path: Assets/Animations/VictoryTextAnimation.anim
  artifactKey: Guid(0a9c9048c16403c43804b7e3e1816b6f) Importer(815301076,1909f56bfc062723c751e8b465ee728b)
Start importing Assets/Animations/VictoryTextAnimation.anim using Guid(0a9c9048c16403c43804b7e3e1816b6f) Importer(815301076,1909f56bfc062723c751e8b465ee728b)  -> (artifact id: '0b6f9a2be0eb8171563a85f0e2ef30e5') in 0.017094 seconds
  Import took 0.019288 seconds .

========================================================================
Received Import Request.
  Time since last request: 0.002842 seconds.
  path: Assets/Animations/VictoryTextAnimation.anim
  artifactKey: Guid(0a9c9048c16403c43804b7e3e1816b6f) Importer(815301076,1909f56bfc062723c751e8b465ee728b)
Start importing Assets/Animations/VictoryTextAnimation.anim using Guid(0a9c9048c16403c43804b7e3e1816b6f) Importer(815301076,1909f56bfc062723c751e8b465ee728b)  -> (artifact id: '0b6f9a2be0eb8171563a85f0e2ef30e5') in 1.681413 seconds
  Import took 1.684097 seconds .

========================================================================
Received Import Request.
  Time since last request: 3.332522 seconds.
  path: Assets/Animations/Victory.controller
  artifactKey: Guid(6551f6831c141db4799d5ca9d4d5e390) Importer(815301076,1909f56bfc062723c751e8b465ee728b)
Start importing Assets/Animations/Victory.controller using Guid(6551f6831c141db4799d5ca9d4d5e390) Importer(815301076,1909f56bfc062723c751e8b465ee728b)  -> (artifact id: '793c2ef4b508e16b88b1e1791de0a9cc') in 0.007904 seconds
  Import took 0.010834 seconds .

========================================================================
Received Prepare
Registering precompiled user dll's ...
Registered in 0.000624 seconds.
Begin MonoManager ReloadAssembly
Native extension for WindowsStandalone target not found
Native extension for WebGL target not found
Refreshing native plugins compatible for Editor in 0.24 ms, found 0 plugins.
Preloading 0 native plugins for Editor in 0.00 ms.
Invoked RoslynAnalysisRunner static constructor.
RoslynAnalysisRunner will not be running.
RoslynAnalysisRunner has terminated.
Mono: successfully reloaded assembly
- Completed reload, in  0.626 seconds
Platform modules already initialized, skipping
Refreshing native plugins compatible for Editor in 0.25 ms, found 0 plugins.
Preloading 0 native plugins for Editor in 0.00 ms.
Unloading 1195 Unused Serialized files (Serialized files now loaded: 0)
System memory in use before: 61.3 MB.
System memory in use after: 61.4 MB.

Unloading 6 unused Assets to reduce memory usage. Loaded Objects now: 1714.
Total: 1.469100 ms (FindLiveObjects: 0.190100 ms CreateObjectMapping: 0.044000 ms MarkObjects: 1.189800 ms  DeleteObjects: 0.044100 ms)

========================================================================
Received Import Request.
  Time since last request: 137.676099 seconds.
  path: Assets/Scripts/Level1 Scripts/SpawnManager.cs
  artifactKey: Guid(63412e0d43da6574397c33e1bd66a139) Importer(815301076,1909f56bfc062723c751e8b465ee728b)
Start importing Assets/Scripts/Level1 Scripts/SpawnManager.cs using Guid(63412e0d43da6574397c33e1bd66a139) Importer(815301076,1909f56bfc062723c751e8b465ee728b)  -> (artifact id: '7d8781f91ea9d6063df3f94a69644e07') in 0.006965 seconds
  Import took 0.008826 seconds .

========================================================================
Received Import Request.
  Time since last request: 0.001244 seconds.
  path: Assets/Scripts/Level1 Scripts/SpawnManager.cs
  artifactKey: Guid(63412e0d43da6574397c33e1bd66a139) Importer(815301076,1909f56bfc062723c751e8b465ee728b)
Start importing Assets/Scripts/Level1 Scripts/SpawnManager.cs using Guid(63412e0d43da6574397c33e1bd66a139) Importer(815301076,1909f56bfc062723c751e8b465ee728b)  -> (artifact id: '7d8781f91ea9d6063df3f94a69644e07') in 0.001383 seconds
  Import took 0.003755 seconds .

========================================================================
Received Import Request.
  Time since last request: 221.000660 seconds.
  path: Assets/Scripts/Level1 Scripts/GameManager.cs
  artifactKey: Guid(e5dd6361fccafdb41b65edba3b73d684) Importer(815301076,1909f56bfc062723c751e8b465ee728b)
Start importing Assets/Scripts/Level1 Scripts/GameManager.cs using Guid(e5dd6361fccafdb41b65edba3b73d684) Importer(815301076,1909f56bfc062723c751e8b465ee728b)  -> (artifact id: '8043dcddcd5db25671de090687dafd06') in 0.006459 seconds
  Import took 0.008477 seconds .

========================================================================
Received Prepare
Registering precompiled user dll's ...
Registered in 0.000908 seconds.
Begin MonoManager ReloadAssembly
Native extension for WindowsStandalone target not found
Native extension for WebGL target not found
Refreshing native plugins compatible for Editor in 0.25 ms, found 0 plugins.
Preloading 0 native plugins for Editor in 0.00 ms.
Invoked RoslynAnalysisRunner static constructor.
RoslynAnalysisRunner will not be running.
RoslynAnalysisRunner has terminated.
Mono: successfully reloaded assembly
- Completed reload, in  0.655 seconds
Platform modules already initialized, skipping
Refreshing native plugins compatible for Editor in 0.24 ms, found 0 plugins.
Preloading 0 native plugins for Editor in 0.00 ms.
Unloading 1195 Unused Serialized files (Serialized files now loaded: 0)
System memory in use before: 61.3 MB.
System memory in use after: 61.4 MB.

Unloading 6 unused Assets to reduce memory usage. Loaded Objects now: 1717.
Total: 1.682200 ms (FindLiveObjects: 0.139100 ms CreateObjectMapping: 0.035900 ms MarkObjects: 1.421500 ms  DeleteObjects: 0.084400 ms)

========================================================================
Received Import Request.
  Time since last request: 941.058547 seconds.
  path: Assets/Scripts/Level1 Scripts/GameManager.cs
  artifactKey: Guid(e5dd6361fccafdb41b65edba3b73d684) Importer(815301076,1909f56bfc062723c751e8b465ee728b)
Start importing Assets/Scripts/Level1 Scripts/GameManager.cs using Guid(e5dd6361fccafdb41b65edba3b73d684) Importer(815301076,1909f56bfc062723c751e8b465ee728b)  -> (artifact id: '680b38abe34f9505f6af8f2a2a72cfde') in 0.003360 seconds
  Import took 0.005505 seconds .

========================================================================
Received Prepare
Registering precompiled user dll's ...
Registered in 0.001137 seconds.
Begin MonoManager ReloadAssembly
Native extension for WindowsStandalone target not found
Native extension for WebGL target not found
Refreshing native plugins compatible for Editor in 0.24 ms, found 0 plugins.
Preloading 0 native plugins for Editor in 0.00 ms.
Invoked RoslynAnalysisRunner static constructor.
RoslynAnalysisRunner will not be running.
RoslynAnalysisRunner has terminated.
Mono: successfully reloaded assembly
- Completed reload, in  0.637 seconds
Platform modules already initialized, skipping
Refreshing native plugins compatible for Editor in 0.24 ms, found 0 plugins.
Preloading 0 native plugins for Editor in 0.00 ms.
Unloading 1195 Unused Serialized files (Serialized files now loaded: 0)
System memory in use before: 61.3 MB.
System memory in use after: 61.4 MB.

Unloading 6 unused Assets to reduce memory usage. Loaded Objects now: 1720.
Total: 1.897700 ms (FindLiveObjects: 0.314100 ms CreateObjectMapping: 0.097600 ms MarkObjects: 1.349900 ms  DeleteObjects: 0.133300 ms)

========================================================================
Received Prepare
Registering precompiled user dll's ...
Registered in 0.000986 seconds.
Begin MonoManager ReloadAssembly
Native extension for WindowsStandalone target not found
Native extension for WebGL target not found
Refreshing native plugins compatible for Editor in 0.35 ms, found 0 plugins.
Preloading 0 native plugins for Editor in 0.00 ms.
Invoked RoslynAnalysisRunner static constructor.
RoslynAnalysisRunner will not be running.
RoslynAnalysisRunner has terminated.
Mono: successfully reloaded assembly
- Completed reload, in  1.060 seconds
Platform modules already initialized, skipping
Refreshing native plugins compatible for Editor in 0.35 ms, found 0 plugins.
Preloading 0 native plugins for Editor in 0.00 ms.
Unloading 1195 Unused Serialized files (Serialized files now loaded: 0)
System memory in use before: 61.4 MB.
System memory in use after: 61.4 MB.

Unloading 6 unused Assets to reduce memory usage. Loaded Objects now: 1723.
Total: 2.265100 ms (FindLiveObjects: 0.337900 ms CreateObjectMapping: 0.120300 ms MarkObjects: 1.742200 ms  DeleteObjects: 0.063100 ms)

========================================================================
Received Prepare
Registering precompiled user dll's ...
Registered in 0.000981 seconds.
Begin MonoManager ReloadAssembly
Native extension for WindowsStandalone target not found
Native extension for WebGL target not found
Refreshing native plugins compatible for Editor in 0.25 ms, found 0 plugins.
Preloading 0 native plugins for Editor in 0.00 ms.
Invoked RoslynAnalysisRunner static constructor.
RoslynAnalysisRunner will not be running.
RoslynAnalysisRunner has terminated.
Mono: successfully reloaded assembly
- Completed reload, in  0.630 seconds
Platform modules already initialized, skipping
Refreshing native plugins compatible for Editor in 0.24 ms, found 0 plugins.
Preloading 0 native plugins for Editor in 0.00 ms.
Unloading 1195 Unused Serialized files (Serialized files now loaded: 0)
System memory in use before: 61.4 MB.
System memory in use after: 61.4 MB.

Unloading 6 unused Assets to reduce memory usage. Loaded Objects now: 1726.
Total: 1.769300 ms (FindLiveObjects: 0.129500 ms CreateObjectMapping: 0.038900 ms MarkObjects: 1.507200 ms  DeleteObjects: 0.093000 ms)

========================================================================
Received Prepare
Registering precompiled user dll's ...
Registered in 0.000603 seconds.
Begin MonoManager ReloadAssembly
Native extension for WindowsStandalone target not found
Native extension for WebGL target not found
Refreshing native plugins compatible for Editor in 0.29 ms, found 0 plugins.
Preloading 0 native plugins for Editor in 0.00 ms.
Invoked RoslynAnalysisRunner static constructor.
RoslynAnalysisRunner will not be running.
RoslynAnalysisRunner has terminated.
Mono: successfully reloaded assembly
- Completed reload, in  0.633 seconds
Platform modules already initialized, skipping
Refreshing native plugins compatible for Editor in 0.24 ms, found 0 plugins.
Preloading 0 native plugins for Editor in 0.00 ms.
Unloading 1195 Unused Serialized files (Serialized files now loaded: 0)
System memory in use before: 61.5 MB.
System memory in use after: 61.5 MB.

Unloading 6 unused Assets to reduce memory usage. Loaded Objects now: 1729.
Total: 1.433700 ms (FindLiveObjects: 0.130100 ms CreateObjectMapping: 0.035700 ms MarkObjects: 1.222300 ms  DeleteObjects: 0.044300 ms)

========================================================================
Received Prepare
Registering precompiled user dll's ...
Registered in 0.000628 seconds.
Begin MonoManager ReloadAssembly
Native extension for WindowsStandalone target not found
Native extension for WebGL target not found
Refreshing native plugins compatible for Editor in 0.27 ms, found 0 plugins.
Preloading 0 native plugins for Editor in 0.00 ms.
Invoked RoslynAnalysisRunner static constructor.
RoslynAnalysisRunner will not be running.
RoslynAnalysisRunner has terminated.
Mono: successfully reloaded assembly
- Completed reload, in  0.662 seconds
Platform modules already initialized, skipping
Refreshing native plugins compatible for Editor in 0.24 ms, found 0 plugins.
Preloading 0 native plugins for Editor in 0.00 ms.
Unloading 1195 Unused Serialized files (Serialized files now loaded: 0)
System memory in use before: 61.5 MB.
System memory in use after: 61.5 MB.

Unloading 6 unused Assets to reduce memory usage. Loaded Objects now: 1732.
Total: 1.643600 ms (FindLiveObjects: 0.158900 ms CreateObjectMapping: 0.041200 ms MarkObjects: 1.362500 ms  DeleteObjects: 0.080200 ms)

========================================================================
Received Prepare
Registering precompiled user dll's ...
Registered in 0.000689 seconds.
Begin MonoManager ReloadAssembly
Native extension for WindowsStandalone target not found
Native extension for WebGL target not found
Refreshing native plugins compatible for Editor in 0.30 ms, found 0 plugins.
Preloading 0 native plugins for Editor in 0.00 ms.
Invoked RoslynAnalysisRunner static constructor.
RoslynAnalysisRunner will not be running.
RoslynAnalysisRunner has terminated.
Mono: successfully reloaded assembly
- Completed reload, in  0.627 seconds
Platform modules already initialized, skipping
Refreshing native plugins compatible for Editor in 0.24 ms, found 0 plugins.
Preloading 0 native plugins for Editor in 0.00 ms.
Unloading 1195 Unused Serialized files (Serialized files now loaded: 0)
System memory in use before: 61.5 MB.
System memory in use after: 61.5 MB.

Unloading 6 unused Assets to reduce memory usage. Loaded Objects now: 1735.
Total: 1.585800 ms (FindLiveObjects: 0.279600 ms CreateObjectMapping: 0.035300 ms MarkObjects: 1.196100 ms  DeleteObjects: 0.074000 ms)

========================================================================
Received Prepare
Registering precompiled user dll's ...
Registered in 0.000669 seconds.
Begin MonoManager ReloadAssembly
Native extension for WindowsStandalone target not found
Native extension for WebGL target not found
Refreshing native plugins compatible for Editor in 0.26 ms, found 0 plugins.
Preloading 0 native plugins for Editor in 0.00 ms.
Invoked RoslynAnalysisRunner static constructor.
RoslynAnalysisRunner will not be running.
RoslynAnalysisRunner has terminated.
Mono: successfully reloaded assembly
- Completed reload, in  0.653 seconds
Platform modules already initialized, skipping
Refreshing native plugins compatible for Editor in 0.25 ms, found 0 plugins.
Preloading 0 native plugins for Editor in 0.00 ms.
Unloading 1195 Unused Serialized files (Serialized files now loaded: 0)
System memory in use before: 61.5 MB.
System memory in use after: 61.5 MB.

Unloading 6 unused Assets to reduce memory usage. Loaded Objects now: 1738.
Total: 1.590600 ms (FindLiveObjects: 0.134700 ms CreateObjectMapping: 0.039200 ms MarkObjects: 1.355200 ms  DeleteObjects: 0.060800 ms)

========================================================================
Received Prepare
Registering precompiled user dll's ...
Registered in 0.000713 seconds.
Begin MonoManager ReloadAssembly
Native extension for WindowsStandalone target not found
Native extension for WebGL target not found
Refreshing native plugins compatible for Editor in 0.26 ms, found 0 plugins.
Preloading 0 native plugins for Editor in 0.00 ms.
Invoked RoslynAnalysisRunner static constructor.
RoslynAnalysisRunner will not be running.
RoslynAnalysisRunner has terminated.
Mono: successfully reloaded assembly
- Completed reload, in  0.654 seconds
Platform modules already initialized, skipping
Refreshing native plugins compatible for Editor in 0.26 ms, found 0 plugins.
Preloading 0 native plugins for Editor in 0.00 ms.
Unloading 1195 Unused Serialized files (Serialized files now loaded: 0)
System memory in use before: 61.5 MB.
System memory in use after: 61.6 MB.

Unloading 6 unused Assets to reduce memory usage. Loaded Objects now: 1741.
Total: 1.713500 ms (FindLiveObjects: 0.219700 ms CreateObjectMapping: 0.041700 ms MarkObjects: 1.361300 ms  DeleteObjects: 0.088800 ms)

========================================================================
Received Prepare
Registering precompiled user dll's ...
Registered in 0.000647 seconds.
Begin MonoManager ReloadAssembly
Native extension for WindowsStandalone target not found
Native extension for WebGL target not found
Refreshing native plugins compatible for Editor in 0.24 ms, found 0 plugins.
Preloading 0 native plugins for Editor in 0.00 ms.
Invoked RoslynAnalysisRunner static constructor.
RoslynAnalysisRunner will not be running.
RoslynAnalysisRunner has terminated.
Mono: successfully reloaded assembly
- Completed reload, in  0.618 seconds
Platform modules already initialized, skipping
Refreshing native plugins compatible for Editor in 0.24 ms, found 0 plugins.
Preloading 0 native plugins for Editor in 0.00 ms.
Unloading 1195 Unused Serialized files (Serialized files now loaded: 0)
System memory in use before: 61.5 MB.
System memory in use after: 61.6 MB.

Unloading 6 unused Assets to reduce memory usage. Loaded Objects now: 1744.
Total: 3.823700 ms (FindLiveObjects: 0.302800 ms CreateObjectMapping: 0.103300 ms MarkObjects: 3.292300 ms  DeleteObjects: 0.123100 ms)

========================================================================
Received Prepare
Registering precompiled user dll's ...
Registered in 0.000637 seconds.
Begin MonoManager ReloadAssembly
Native extension for WindowsStandalone target not found
Native extension for WebGL target not found
Refreshing native plugins compatible for Editor in 0.24 ms, found 0 plugins.
Preloading 0 native plugins for Editor in 0.00 ms.
Invoked RoslynAnalysisRunner static constructor.
RoslynAnalysisRunner will not be running.
RoslynAnalysisRunner has terminated.
Mono: successfully reloaded assembly
- Completed reload, in  0.631 seconds
Platform modules already initialized, skipping
Refreshing native plugins compatible for Editor in 0.25 ms, found 0 plugins.
Preloading 0 native plugins for Editor in 0.00 ms.
Unloading 1195 Unused Serialized files (Serialized files now loaded: 0)
System memory in use before: 61.5 MB.
System memory in use after: 61.6 MB.

Unloading 6 unused Assets to reduce memory usage. Loaded Objects now: 1747.
Total: 1.685000 ms (FindLiveObjects: 0.135800 ms CreateObjectMapping: 0.035800 ms MarkObjects: 1.467300 ms  DeleteObjects: 0.045200 ms)

========================================================================
Received Prepare
Registering precompiled user dll's ...
Registered in 0.000688 seconds.
Begin MonoManager ReloadAssembly
Native extension for WindowsStandalone target not found
Native extension for WebGL target not found
Refreshing native plugins compatible for Editor in 0.24 ms, found 0 plugins.
Preloading 0 native plugins for Editor in 0.00 ms.
Invoked RoslynAnalysisRunner static constructor.
RoslynAnalysisRunner will not be running.
RoslynAnalysisRunner has terminated.
Mono: successfully reloaded assembly
- Completed reload, in  0.626 seconds
Platform modules already initialized, skipping
Refreshing native plugins compatible for Editor in 0.24 ms, found 0 plugins.
Preloading 0 native plugins for Editor in 0.00 ms.
Unloading 1195 Unused Serialized files (Serialized files now loaded: 0)
System memory in use before: 61.5 MB.
System memory in use after: 61.6 MB.

Unloading 6 unused Assets to reduce memory usage. Loaded Objects now: 1750.
Total: 2.002100 ms (FindLiveObjects: 0.149300 ms CreateObjectMapping: 0.047500 ms MarkObjects: 1.716600 ms  DeleteObjects: 0.087100 ms)

========================================================================
Received Prepare
Registering precompiled user dll's ...
Registered in 0.000703 seconds.
Begin MonoManager ReloadAssembly
Native extension for WindowsStandalone target not found
Native extension for WebGL target not found
Refreshing native plugins compatible for Editor in 0.24 ms, found 0 plugins.
Preloading 0 native plugins for Editor in 0.00 ms.
Invoked RoslynAnalysisRunner static constructor.
RoslynAnalysisRunner will not be running.
RoslynAnalysisRunner has terminated.
Mono: successfully reloaded assembly
- Completed reload, in  0.619 seconds
Platform modules already initialized, skipping
Refreshing native plugins compatible for Editor in 0.25 ms, found 0 plugins.
Preloading 0 native plugins for Editor in 0.00 ms.
Unloading 1195 Unused Serialized files (Serialized files now loaded: 0)
System memory in use before: 61.5 MB.
System memory in use after: 61.6 MB.

Unloading 6 unused Assets to reduce memory usage. Loaded Objects now: 1753.
Total: 1.617500 ms (FindLiveObjects: 0.221000 ms CreateObjectMapping: 0.047100 ms MarkObjects: 1.230900 ms  DeleteObjects: 0.117400 ms)

========================================================================
Received Import Request.
  Time since last request: 5268.091179 seconds.
  path: Assets/Scenes/Level 2.unity
  artifactKey: Guid(be8447ded546a334386179cbd087cfd3) Importer(815301076,1909f56bfc062723c751e8b465ee728b)
Start importing Assets/Scenes/Level 2.unity using Guid(be8447ded546a334386179cbd087cfd3) Importer(815301076,1909f56bfc062723c751e8b465ee728b)  -> (artifact id: '0865e126573c9ced0bd8ea429148238b') in 0.016361 seconds
  Import took 0.018458 seconds .

========================================================================
Received Import Request.
  Time since last request: 119.988981 seconds.
  path: Assets/Scenes/My Game.unity
  artifactKey: Guid(9fc0d4010bbf28b4594072e72b8655ab) Importer(815301076,1909f56bfc062723c751e8b465ee728b)
Start importing Assets/Scenes/My Game.unity using Guid(9fc0d4010bbf28b4594072e72b8655ab) Importer(815301076,1909f56bfc062723c751e8b465ee728b)  -> (artifact id: '62d0449f963a5430dae89b293015be9b') in 0.001863 seconds
  Import took 0.003910 seconds .

========================================================================
Received Prepare
Registering precompiled user dll's ...
Registered in 0.000609 seconds.
Begin MonoManager ReloadAssembly
Native extension for WindowsStandalone target not found
Native extension for WebGL target not found
Refreshing native plugins compatible for Editor in 0.24 ms, found 0 plugins.
Preloading 0 native plugins for Editor in 0.00 ms.
Invoked RoslynAnalysisRunner static constructor.
RoslynAnalysisRunner will not be running.
RoslynAnalysisRunner has terminated.
Mono: successfully reloaded assembly
- Completed reload, in  0.646 seconds
Platform modules already initialized, skipping
Refreshing native plugins compatible for Editor in 0.27 ms, found 0 plugins.
Preloading 0 native plugins for Editor in 0.00 ms.
Unloading 1195 Unused Serialized files (Serialized files now loaded: 0)
System memory in use before: 61.5 MB.
System memory in use after: 61.6 MB.

Unloading 6 unused Assets to reduce memory usage. Loaded Objects now: 1756.
Total: 1.376600 ms (FindLiveObjects: 0.131200 ms CreateObjectMapping: 0.036400 ms MarkObjects: 1.164000 ms  DeleteObjects: 0.044000 ms)

========================================================================
Received Prepare
Registering precompiled user dll's ...
Registered in 0.000589 seconds.
Begin MonoManager ReloadAssembly
Native extension for WindowsStandalone target not found
Native extension for WebGL target not found
Refreshing native plugins compatible for Editor in 0.24 ms, found 0 plugins.
Preloading 0 native plugins for Editor in 0.00 ms.
Invoked RoslynAnalysisRunner static constructor.
RoslynAnalysisRunner will not be running.
RoslynAnalysisRunner has terminated.
Mono: successfully reloaded assembly
- Completed reload, in  0.632 seconds
Platform modules already initialized, skipping
Refreshing native plugins compatible for Editor in 0.24 ms, found 0 plugins.
Preloading 0 native plugins for Editor in 0.00 ms.
Unloading 1195 Unused Serialized files (Serialized files now loaded: 0)
System memory in use before: 61.5 MB.
System memory in use after: 61.6 MB.

Unloading 6 unused Assets to reduce memory usage. Loaded Objects now: 1759.
Total: 1.818700 ms (FindLiveObjects: 0.221300 ms CreateObjectMapping: 0.089400 ms MarkObjects: 1.405800 ms  DeleteObjects: 0.101200 ms)

========================================================================
Received Import Request.
  Time since last request: 65.900279 seconds.
  path: Assets/Scenes/Level 2.unity
  artifactKey: Guid(be8447ded546a334386179cbd087cfd3) Importer(815301076,1909f56bfc062723c751e8b465ee728b)
Start importing Assets/Scenes/Level 2.unity using Guid(be8447ded546a334386179cbd087cfd3) Importer(815301076,1909f56bfc062723c751e8b465ee728b)  -> (artifact id: '01fd03124481c3054e31354237043bf7') in 0.009052 seconds
  Import took 0.010975 seconds .

========================================================================
Received Import Request.
  Time since last request: 14.581166 seconds.
  path: Assets/Scenes/My Game.unity
  artifactKey: Guid(9fc0d4010bbf28b4594072e72b8655ab) Importer(815301076,1909f56bfc062723c751e8b465ee728b)
Start importing Assets/Scenes/My Game.unity using Guid(9fc0d4010bbf28b4594072e72b8655ab) Importer(815301076,1909f56bfc062723c751e8b465ee728b)  -> (artifact id: '2111434a33e942b7e4ebba01efa602cd') in 0.001777 seconds
  Import took 0.003671 seconds .

========================================================================
Received Import Request.
  Time since last request: 9.036602 seconds.
  path: Assets/Scripts/MenuScript/GameManagerMenu.cs
  artifactKey: Guid(e6e4fb5e83e78f74ba6cc1a646002616) Importer(815301076,1909f56bfc062723c751e8b465ee728b)
Start importing Assets/Scripts/MenuScript/GameManagerMenu.cs using Guid(e6e4fb5e83e78f74ba6cc1a646002616) Importer(815301076,1909f56bfc062723c751e8b465ee728b)  -> (artifact id: '3b40cd3852204a1362e2f548ded8a250') in 0.001340 seconds
  Import took 0.003023 seconds .

========================================================================
Received Import Request.
  Time since last request: 0.002947 seconds.
  path: Assets/Scripts/MenuScript/GameManagerMenu.cs
  artifactKey: Guid(e6e4fb5e83e78f74ba6cc1a646002616) Importer(815301076,1909f56bfc062723c751e8b465ee728b)
Start importing Assets/Scripts/MenuScript/GameManagerMenu.cs using Guid(e6e4fb5e83e78f74ba6cc1a646002616) Importer(815301076,1909f56bfc062723c751e8b465ee728b)  -> (artifact id: '3b40cd3852204a1362e2f548ded8a250') in 0.001348 seconds
  Import took 0.003071 seconds .

========================================================================
Received Prepare
Registering precompiled user dll's ...
Registered in 0.000895 seconds.
Begin MonoManager ReloadAssembly
Native extension for WindowsStandalone target not found
Native extension for WebGL target not found
Refreshing native plugins compatible for Editor in 0.25 ms, found 0 plugins.
Preloading 0 native plugins for Editor in 0.00 ms.
Invoked RoslynAnalysisRunner static constructor.
RoslynAnalysisRunner will not be running.
RoslynAnalysisRunner has terminated.
Mono: successfully reloaded assembly
- Completed reload, in  0.651 seconds
Platform modules already initialized, skipping
Refreshing native plugins compatible for Editor in 0.24 ms, found 0 plugins.
Preloading 0 native plugins for Editor in 0.00 ms.
Unloading 1195 Unused Serialized files (Serialized files now loaded: 0)
System memory in use before: 61.5 MB.
System memory in use after: 61.6 MB.

Unloading 6 unused Assets to reduce memory usage. Loaded Objects now: 1762.
Total: 1.745300 ms (FindLiveObjects: 0.232400 ms CreateObjectMapping: 0.036600 ms MarkObjects: 1.402300 ms  DeleteObjects: 0.073100 ms)

========================================================================
Received Prepare
Registering precompiled user dll's ...
Registered in 0.000625 seconds.
Begin MonoManager ReloadAssembly
Native extension for WindowsStandalone target not found
Native extension for WebGL target not found
Refreshing native plugins compatible for Editor in 0.27 ms, found 0 plugins.
Preloading 0 native plugins for Editor in 0.00 ms.
Invoked RoslynAnalysisRunner static constructor.
RoslynAnalysisRunner will not be running.
RoslynAnalysisRunner has terminated.
Mono: successfully reloaded assembly
- Completed reload, in  0.623 seconds
Platform modules already initialized, skipping
Refreshing native plugins compatible for Editor in 0.24 ms, found 0 plugins.
Preloading 0 native plugins for Editor in 0.00 ms.
Unloading 1195 Unused Serialized files (Serialized files now loaded: 0)
System memory in use before: 61.5 MB.
System memory in use after: 61.6 MB.

Unloading 6 unused Assets to reduce memory usage. Loaded Objects now: 1765.
Total: 1.528600 ms (FindLiveObjects: 0.154000 ms CreateObjectMapping: 0.038100 ms MarkObjects: 1.244900 ms  DeleteObjects: 0.090500 ms)

========================================================================
Received Prepare
Registering precompiled user dll's ...
Registered in 0.000633 seconds.
Begin MonoManager ReloadAssembly
Native extension for WindowsStandalone target not found
Native extension for WebGL target not found
Refreshing native plugins compatible for Editor in 0.24 ms, found 0 plugins.
Preloading 0 native plugins for Editor in 0.00 ms.
Invoked RoslynAnalysisRunner static constructor.
RoslynAnalysisRunner will not be running.
RoslynAnalysisRunner has terminated.
Mono: successfully reloaded assembly
- Completed reload, in  0.622 seconds
Platform modules already initialized, skipping
Refreshing native plugins compatible for Editor in 0.24 ms, found 0 plugins.
Preloading 0 native plugins for Editor in 0.00 ms.
Unloading 1195 Unused Serialized files (Serialized files now loaded: 0)
System memory in use before: 61.5 MB.
System memory in use after: 61.6 MB.

Unloading 6 unused Assets to reduce memory usage. Loaded Objects now: 1768.
Total: 1.695900 ms (FindLiveObjects: 0.158100 ms CreateObjectMapping: 0.040400 ms MarkObjects: 1.399600 ms  DeleteObjects: 0.096700 ms)

========================================================================
Received Prepare
Registering precompiled user dll's ...
Registered in 0.000754 seconds.
Begin MonoManager ReloadAssembly
Native extension for WindowsStandalone target not found
Native extension for WebGL target not found
Refreshing native plugins compatible for Editor in 0.34 ms, found 0 plugins.
Preloading 0 native plugins for Editor in 0.00 ms.
Invoked RoslynAnalysisRunner static constructor.
RoslynAnalysisRunner will not be running.
RoslynAnalysisRunner has terminated.
Mono: successfully reloaded assembly
- Completed reload, in  0.786 seconds
Platform modules already initialized, skipping
Refreshing native plugins compatible for Editor in 0.33 ms, found 0 plugins.
Preloading 0 native plugins for Editor in 0.00 ms.
Unloading 1195 Unused Serialized files (Serialized files now loaded: 0)
System memory in use before: 61.5 MB.
System memory in use after: 61.6 MB.

Unloading 6 unused Assets to reduce memory usage. Loaded Objects now: 1771.
Total: 1.847000 ms (FindLiveObjects: 0.164000 ms CreateObjectMapping: 0.043500 ms MarkObjects: 1.578800 ms  DeleteObjects: 0.059600 ms)

========================================================================
Received Import Request.
  Time since last request: 1328.824198 seconds.
  path: Assets/Scenes/Menu.unity
  artifactKey: Guid(0cde68c8a0573bc4a800c45ea2e22b11) Importer(815301076,1909f56bfc062723c751e8b465ee728b)
Start importing Assets/Scenes/Menu.unity using Guid(0cde68c8a0573bc4a800c45ea2e22b11) Importer(815301076,1909f56bfc062723c751e8b465ee728b)  -> (artifact id: 'bbb5759b961cac0306f07fde4ce9a6e5') in 0.318745 seconds
  Import took 0.323349 seconds .

========================================================================
Received Prepare
Registering precompiled user dll's ...
Registered in 0.000621 seconds.
Begin MonoManager ReloadAssembly
Native extension for WindowsStandalone target not found
Native extension for WebGL target not found
Refreshing native plugins compatible for Editor in 0.24 ms, found 0 plugins.
Preloading 0 native plugins for Editor in 0.00 ms.
Invoked RoslynAnalysisRunner static constructor.
RoslynAnalysisRunner will not be running.
RoslynAnalysisRunner has terminated.
Mono: successfully reloaded assembly
- Completed reload, in  0.615 seconds
Platform modules already initialized, skipping
Refreshing native plugins compatible for Editor in 0.25 ms, found 0 plugins.
Preloading 0 native plugins for Editor in 0.00 ms.
Unloading 1195 Unused Serialized files (Serialized files now loaded: 0)
System memory in use before: 61.6 MB.
System memory in use after: 61.6 MB.

Unloading 6 unused Assets to reduce memory usage. Loaded Objects now: 1774.
Total: 3.557600 ms (FindLiveObjects: 0.296400 ms CreateObjectMapping: 0.093600 ms MarkObjects: 3.055100 ms  DeleteObjects: 0.109700 ms)

========================================================================
Received Import Request.
  Time since last request: 848.906009 seconds.
  path: Assets/Sounds/Shapeforms Audio Free Sound Effects/Cassette Preview/AUDIO/FAST_FORWARD_LOOP_02.wav
  artifactKey: Guid(846a3cecc85184967834e9df7b344754) Importer(815301076,1909f56bfc062723c751e8b465ee728b)
Start importing Assets/Sounds/Shapeforms Audio Free Sound Effects/Cassette Preview/AUDIO/FAST_FORWARD_LOOP_02.wav using Guid(846a3cecc85184967834e9df7b344754) Importer(815301076,1909f56bfc062723c751e8b465ee728b)  -> (artifact id: '894f5d67a0f378547a465063919894b3') in 0.105306 seconds
  Import took 0.107387 seconds .

========================================================================
Received Import Request.
  Time since last request: 5.898452 seconds.
  path: Assets/Sounds/Shapeforms Audio Free Sound Effects/Arcane Activations Preview
  artifactKey: Guid(b283577474a33444a85c380bbd3f16fc) Importer(815301076,1909f56bfc062723c751e8b465ee728b)
Start importing Assets/Sounds/Shapeforms Audio Free Sound Effects/Arcane Activations Preview using Guid(b283577474a33444a85c380bbd3f16fc) Importer(815301076,1909f56bfc062723c751e8b465ee728b)  -> (artifact id: '1ff000c44422ecd28bac716f425d1719') in 0.031971 seconds
  Import took 0.033727 seconds .

========================================================================
Received Import Request.
  Time since last request: 4.504764 seconds.
  path: Assets/Sounds/Shapeforms Audio Free Sound Effects/Dystopia  Ambience and Drone Preview/AUDIO
  artifactKey: Guid(c4b2d7258c516493e9e8421fe85b4d4f) Importer(815301076,1909f56bfc062723c751e8b465ee728b)
Start importing Assets/Sounds/Shapeforms Audio Free Sound Effects/Dystopia  Ambience and Drone Preview/AUDIO using Guid(c4b2d7258c516493e9e8421fe85b4d4f) Importer(815301076,1909f56bfc062723c751e8b465ee728b)  -> (artifact id: '70ccf6810c6472f6057433e74ed43161') in 0.019944 seconds
  Import took 0.021997 seconds .

========================================================================
Received Import Request.
  Time since last request: 1.826659 seconds.
  path: Assets/Sounds/Shapeforms Audio Free Sound Effects/Dystopia  Ambience and Drone Preview/AUDIO/AMBIENCE_SIGNAL_LOOP.wav
  artifactKey: Guid(c47edbdb9091d44adb2992d743c34909) Importer(815301076,1909f56bfc062723c751e8b465ee728b)
Start importing Assets/Sounds/Shapeforms Audio Free Sound Effects/Dystopia  Ambience and Drone Preview/AUDIO/AMBIENCE_SIGNAL_LOOP.wav using Guid(c47edbdb9091d44adb2992d743c34909) Importer(815301076,1909f56bfc062723c751e8b465ee728b)  -> (artifact id: '355842bb8ec3ad6290957b678e4125bf') in 0.011373 seconds
  Import took 0.013329 seconds .

========================================================================
Received Import Request.
  Time since last request: 2.507653 seconds.
  path: Assets/Sounds/Shapeforms Audio Free Sound Effects/Dystopia  Ambience and Drone Preview/AUDIO/AMBIENCE_SPACECRAFT_HOLD_LOOP.wav
  artifactKey: Guid(a5c08d9a56b724f9abb5c05c5809efcd) Importer(815301076,1909f56bfc062723c751e8b465ee728b)
Start importing Assets/Sounds/Shapeforms Audio Free Sound Effects/Dystopia  Ambience and Drone Preview/AUDIO/AMBIENCE_SPACECRAFT_HOLD_LOOP.wav using Guid(a5c08d9a56b724f9abb5c05c5809efcd) Importer(815301076,1909f56bfc062723c751e8b465ee728b)  -> (artifact id: '97d6e0e09ac445d808c6ea98777c6820') in 0.033589 seconds
  Import took 0.035340 seconds .

========================================================================
Received Import Request.
  Time since last request: 9.643786 seconds.
  path: Assets/Sounds/Shapeforms Audio Free Sound Effects/Sci Fi Weapons Cyberpunk Arsenal Preview/AUDIO/ANMLBat_Creature Vocalisation_01.wav
  artifactKey: Guid(981194f4f58b449efba499760ec29256) Importer(815301076,1909f56bfc062723c751e8b465ee728b)
Start importing Assets/Sounds/Shapeforms Audio Free Sound Effects/Sci Fi Weapons Cyberpunk Arsenal Preview/AUDIO/ANMLBat_Creature Vocalisation_01.wav using Guid(981194f4f58b449efba499760ec29256) Importer(815301076,1909f56bfc062723c751e8b465ee728b)  -> (artifact id: '2386cff9a611cfb6c90ada4da7786b82') in 0.010707 seconds
  Import took 0.012537 seconds .

========================================================================
Received Import Request.
  Time since last request: 1.401413 seconds.
  path: Assets/Sounds/Shapeforms Audio Free Sound Effects/Sci Fi Weapons Cyberpunk Arsenal Preview/AUDIO/BEEPTimer_Anticipation Beeps_05.wav
  artifactKey: Guid(56227355334454a669691eddf1801cb9) Importer(815301076,1909f56bfc062723c751e8b465ee728b)
Start importing Assets/Sounds/Shapeforms Audio Free Sound Effects/Sci Fi Weapons Cyberpunk Arsenal Preview/AUDIO/BEEPTimer_Anticipation Beeps_05.wav using Guid(56227355334454a669691eddf1801cb9) Importer(815301076,1909f56bfc062723c751e8b465ee728b)  -> (artifact id: '936bde35bc180139ee0b8674e5faadc6') in 0.037334 seconds
  Import took 0.039211 seconds .

========================================================================
Received Import Request.
  Time since last request: 1.724113 seconds.
  path: Assets/Sounds/Shapeforms Audio Free Sound Effects/Sci Fi Weapons Cyberpunk Arsenal Preview/AUDIO/BEEP_Targeting Loop_06.wav
  artifactKey: Guid(b878334bbc55e4e94abc0354bc2f2838) Importer(815301076,1909f56bfc062723c751e8b465ee728b)
Start importing Assets/Sounds/Shapeforms Audio Free Sound Effects/Sci Fi Weapons Cyberpunk Arsenal Preview/AUDIO/BEEP_Targeting Loop_06.wav using Guid(b878334bbc55e4e94abc0354bc2f2838) Importer(815301076,1909f56bfc062723c751e8b465ee728b)  -> (artifact id: '90429e333e1f7795507b552009f18fe0') in 0.011534 seconds
  Import took 0.014049 seconds .

========================================================================
Received Import Request.
  Time since last request: 1.837530 seconds.
  path: Assets/Sounds/Shapeforms Audio Free Sound Effects/Sci Fi Weapons Cyberpunk Arsenal Preview/AUDIO/BLLTBy_Bullet By Centred Fast_02.wav
  artifactKey: Guid(feaaec11b7c20462eb6660365bbeb1ad) Importer(815301076,1909f56bfc062723c751e8b465ee728b)
Start importing Assets/Sounds/Shapeforms Audio Free Sound Effects/Sci Fi Weapons Cyberpunk Arsenal Preview/AUDIO/BLLTBy_Bullet By Centred Fast_02.wav using Guid(feaaec11b7c20462eb6660365bbeb1ad) Importer(815301076,1909f56bfc062723c751e8b465ee728b)  -> (artifact id: '9fd76e9561a04a6015bc985c537e68a0') in 0.010991 seconds
  Import took 0.013378 seconds .

AssetImportWorkerClient::OnTransportError - code=2 error=End of file
